
**** Build of configuration Nios II for project SYSTEM ****

make all 
Info: Building ../SYSTEM_bsp/
make --no-print-directory -C ../SYSTEM_bsp/
[BSP build complete]
Info: Compiling Source/RuntimeFunctions.c to obj/default/Source/RuntimeFunctions.o
nios2-elf-gcc -xc -MP -MMD -c -I../SYSTEM_bsp//HAL/inc -I../SYSTEM_bsp/ -I../SYSTEM_bsp//drivers/inc  -DSYSTEM_BUS_WIDTH=32 -pipe -D__hal__ -DALT_NO_INSTRUCTION_EMULATION -DALT_STACK_CHECK -mstack-check -DALT_SINGLE_THREADED    -O0 -g -Wall   -EL -mno-hw-div -mno-hw-mul -mno-hw-mulx  -o obj/default/Source/RuntimeFunctions.o Source/RuntimeFunctions.c
Info: Compiling Source/config.c to obj/default/Source/config.o
nios2-elf-gcc -xc -MP -MMD -c -I../SYSTEM_bsp//HAL/inc -I../SYSTEM_bsp/ -I../SYSTEM_bsp//drivers/inc  -DSYSTEM_BUS_WIDTH=32 -pipe -D__hal__ -DALT_NO_INSTRUCTION_EMULATION -DALT_STACK_CHECK -mstack-check -DALT_SINGLE_THREADED    -O0 -g -Wall   -EL -mno-hw-div -mno-hw-mul -mno-hw-mulx  -o obj/default/Source/config.o Source/config.c
Info: Compiling Source/main.c to obj/default/Source/main.o
nios2-elf-gcc -xc -MP -MMD -c -I../SYSTEM_bsp//HAL/inc -I../SYSTEM_bsp/ -I../SYSTEM_bsp//drivers/inc  -DSYSTEM_BUS_WIDTH=32 -pipe -D__hal__ -DALT_NO_INSTRUCTION_EMULATION -DALT_STACK_CHECK -mstack-check -DALT_SINGLE_THREADED    -O0 -g -Wall   -EL -mno-hw-div -mno-hw-mul -mno-hw-mulx  -o obj/default/Source/main.o Source/main.c
Info: Compiling Source/tests.c to obj/default/Source/tests.o
nios2-elf-gcc -xc -MP -MMD -c -I../SYSTEM_bsp//HAL/inc -I../SYSTEM_bsp/ -I../SYSTEM_bsp//drivers/inc  -DSYSTEM_BUS_WIDTH=32 -pipe -D__hal__ -DALT_NO_INSTRUCTION_EMULATION -DALT_STACK_CHECK -mstack-check -DALT_SINGLE_THREADED    -O0 -g -Wall   -EL -mno-hw-div -mno-hw-mul -mno-hw-mulx  -o obj/default/Source/tests.o Source/tests.c
Info: Linking SYSTEM.elf
nios2-elf-g++  -T'../SYSTEM_bsp//linker.x' -msys-crt0='../SYSTEM_bsp//obj/HAL/src/crt0.o' -msys-lib=hal_bsp -L../SYSTEM_bsp/   -Wl,-Map=SYSTEM.map   -O0 -g -Wall   -EL -mno-hw-div -mno-hw-mul -mno-hw-mulx  -o SYSTEM.elf obj/default/Source/LCD.o obj/default/Source/RuntimeFunctions.o obj/default/Source/config.o obj/default/Source/main.o obj/default/Source/tests.o -lm 
nios2-elf-insert SYSTEM.elf --thread_model hal --cpu_name NIOS_CPU --qsys true --simulation_enabled false --stderr_dev JTAG_UART --stdin_dev JTAG_UART --stdout_dev JTAG_UART --sopc_system_name NIOS_SYSTEMV3 --quartus_project_dir "C:/Users/MrBigBear/Desktop/SYSTEMV3" --jdi C:/Users/MrBigBear/Desktop/SYSTEMV3/SYSTEMV3.jdi --sopcinfo C:/Users/MrBigBear/Desktop/SYSTEMV3/NIOS_SYSTEMV3.sopcinfo
Info: (SYSTEM.elf) 100 KBytes program size (code + initialized data).
Info:              1940 KBytes free for stack + heap.
Info: Creating SYSTEM.objdump
nios2-elf-objdump --disassemble --syms --all-header --source SYSTEM.elf >SYSTEM.objdump
[SYSTEM build complete]

**** Build Finished ****

**** Build of configuration Nios II for project SYSTEM ****

make all 
Info: Building ../SYSTEM_bsp/
make --no-print-directory -C ../SYSTEM_bsp/
[BSP build complete]
[SYSTEM build complete]

**** Build Finished ****

**** Build of configuration Nios II for project SYSTEM ****

make all 
Info: Building ../SYSTEM_bsp/
make --no-print-directory -C ../SYSTEM_bsp/
[BSP build complete]
Info: Compiling Source/RuntimeFunctions.c to obj/default/Source/RuntimeFunctions.o
nios2-elf-gcc -xc -MP -MMD -c -I../SYSTEM_bsp//HAL/inc -I../SYSTEM_bsp/ -I../SYSTEM_bsp//drivers/inc  -DSYSTEM_BUS_WIDTH=32 -pipe -D__hal__ -DALT_NO_INSTRUCTION_EMULATION -DALT_STACK_CHECK -mstack-check -DALT_SINGLE_THREADED    -O0 -g -Wall   -EL -mno-hw-div -mno-hw-mul -mno-hw-mulx  -o obj/default/Source/RuntimeFunctions.o Source/RuntimeFunctions.c
Info: Linking SYSTEM.elf
nios2-elf-g++  -T'../SYSTEM_bsp//linker.x' -msys-crt0='../SYSTEM_bsp//obj/HAL/src/crt0.o' -msys-lib=hal_bsp -L../SYSTEM_bsp/   -Wl,-Map=SYSTEM.map   -O0 -g -Wall   -EL -mno-hw-div -mno-hw-mul -mno-hw-mulx  -o SYSTEM.elf obj/default/Source/LCD.o obj/default/Source/RuntimeFunctions.o obj/default/Source/config.o obj/default/Source/main.o obj/default/Source/tests.o -lm 
nios2-elf-insert SYSTEM.elf --thread_model hal --cpu_name NIOS_CPU --qsys true --simulation_enabled false --stderr_dev JTAG_UART --stdin_dev JTAG_UART --stdout_dev JTAG_UART --sopc_system_name NIOS_SYSTEMV3 --quartus_project_dir "C:/Users/MrBigBear/Desktop/SYSTEMV3" --jdi C:/Users/MrBigBear/Desktop/SYSTEMV3/SYSTEMV3.jdi --sopcinfo C:/Users/MrBigBear/Desktop/SYSTEMV3/NIOS_SYSTEMV3.sopcinfo
Info: (SYSTEM.elf) 100 KBytes program size (code + initialized data).
Info:              1940 KBytes free for stack + heap.
Info: Creating SYSTEM.objdump
nios2-elf-objdump --disassemble --syms --all-header --source SYSTEM.elf >SYSTEM.objdump
[SYSTEM build complete]

**** Build Finished ****

**** Build of configuration Nios II for project SYSTEM ****

make all 
Info: Building ../SYSTEM_bsp/
make --no-print-directory -C ../SYSTEM_bsp/
[BSP build complete]
Info: Compiling Source/RuntimeFunctions.c to obj/default/Source/RuntimeFunctions.o
nios2-elf-gcc -xc -MP -MMD -c -I../SYSTEM_bsp//HAL/inc -I../SYSTEM_bsp/ -I../SYSTEM_bsp//drivers/inc  -DSYSTEM_BUS_WIDTH=32 -pipe -D__hal__ -DALT_NO_INSTRUCTION_EMULATION -DALT_STACK_CHECK -mstack-check -DALT_SINGLE_THREADED    -O0 -g -Wall   -EL -mno-hw-div -mno-hw-mul -mno-hw-mulx  -o obj/default/Source/RuntimeFunctions.o Source/RuntimeFunctions.c
Info: Linking SYSTEM.elf
nios2-elf-g++  -T'../SYSTEM_bsp//linker.x' -msys-crt0='../SYSTEM_bsp//obj/HAL/src/crt0.o' -msys-lib=hal_bsp -L../SYSTEM_bsp/   -Wl,-Map=SYSTEM.map   -O0 -g -Wall   -EL -mno-hw-div -mno-hw-mul -mno-hw-mulx  -o SYSTEM.elf obj/default/Source/LCD.o obj/default/Source/RuntimeFunctions.o obj/default/Source/config.o obj/default/Source/main.o obj/default/Source/tests.o -lm 
nios2-elf-insert SYSTEM.elf --thread_model hal --cpu_name NIOS_CPU --qsys true --simulation_enabled false --stderr_dev JTAG_UART --stdin_dev JTAG_UART --stdout_dev JTAG_UART --sopc_system_name NIOS_SYSTEMV3 --quartus_project_dir "C:/Users/MrBigBear/Desktop/SYSTEMV3" --jdi C:/Users/MrBigBear/Desktop/SYSTEMV3/SYSTEMV3.jdi --sopcinfo C:/Users/MrBigBear/Desktop/SYSTEMV3/NIOS_SYSTEMV3.sopcinfo
Info: (SYSTEM.elf) 100 KBytes program size (code + initialized data).
Info:              1940 KBytes free for stack + heap.
Info: Creating SYSTEM.objdump
nios2-elf-objdump --disassemble --syms --all-header --source SYSTEM.elf >SYSTEM.objdump
[SYSTEM build complete]

**** Build Finished ****

**** Build of configuration Nios II for project SYSTEM ****

make all 
Info: Building ../SYSTEM_bsp/
make --no-print-directory -C ../SYSTEM_bsp/
[BSP build complete]
Info: Compiling Source/config.c to obj/default/Source/config.o
nios2-elf-gcc -xc -MP -MMD -c -I../SYSTEM_bsp//HAL/inc -I../SYSTEM_bsp/ -I../SYSTEM_bsp//drivers/inc  -DSYSTEM_BUS_WIDTH=32 -pipe -D__hal__ -DALT_NO_INSTRUCTION_EMULATION -DALT_STACK_CHECK -mstack-check -DALT_SINGLE_THREADED    -O0 -g -Wall   -EL -mno-hw-div -mno-hw-mul -mno-hw-mulx  -o obj/default/Source/config.o Source/config.c
Info: Linking SYSTEM.elf
nios2-elf-g++  -T'../SYSTEM_bsp//linker.x' -msys-crt0='../SYSTEM_bsp//obj/HAL/src/crt0.o' -msys-lib=hal_bsp -L../SYSTEM_bsp/   -Wl,-Map=SYSTEM.map   -O0 -g -Wall   -EL -mno-hw-div -mno-hw-mul -mno-hw-mulx  -o SYSTEM.elf obj/default/Source/LCD.o obj/default/Source/RuntimeFunctions.o obj/default/Source/config.o obj/default/Source/main.o obj/default/Source/tests.o -lm 
nios2-elf-insert SYSTEM.elf --thread_model hal --cpu_name NIOS_CPU --qsys true --simulation_enabled false --stderr_dev JTAG_UART --stdin_dev JTAG_UART --stdout_dev JTAG_UART --sopc_system_name NIOS_SYSTEMV3 --quartus_project_dir "C:/Users/MrBigBear/Desktop/SYSTEMV3" --jdi C:/Users/MrBigBear/Desktop/SYSTEMV3/SYSTEMV3.jdi --sopcinfo C:/Users/MrBigBear/Desktop/SYSTEMV3/NIOS_SYSTEMV3.sopcinfo
Info: (SYSTEM.elf) 100 KBytes program size (code + initialized data).
Info:              1940 KBytes free for stack + heap.
Info: Creating SYSTEM.objdump
nios2-elf-objdump --disassemble --syms --all-header --source SYSTEM.elf >SYSTEM.objdump
[SYSTEM build complete]

**** Build Finished ****

**** Build of configuration Nios II for project SYSTEM ****

make all 
Info: Building ../SYSTEM_bsp/
make --no-print-directory -C ../SYSTEM_bsp/
[BSP build complete]
Info: Compiling Source/config.c to obj/default/Source/config.o
nios2-elf-gcc -xc -MP -MMD -c -I../SYSTEM_bsp//HAL/inc -I../SYSTEM_bsp/ -I../SYSTEM_bsp//drivers/inc  -DSYSTEM_BUS_WIDTH=32 -pipe -D__hal__ -DALT_NO_INSTRUCTION_EMULATION -DALT_STACK_CHECK -mstack-check -DALT_SINGLE_THREADED    -O0 -g -Wall   -EL -mno-hw-div -mno-hw-mul -mno-hw-mulx  -o obj/default/Source/config.o Source/config.c
Info: Linking SYSTEM.elf
nios2-elf-g++  -T'../SYSTEM_bsp//linker.x' -msys-crt0='../SYSTEM_bsp//obj/HAL/src/crt0.o' -msys-lib=hal_bsp -L../SYSTEM_bsp/   -Wl,-Map=SYSTEM.map   -O0 -g -Wall   -EL -mno-hw-div -mno-hw-mul -mno-hw-mulx  -o SYSTEM.elf obj/default/Source/LCD.o obj/default/Source/RuntimeFunctions.o obj/default/Source/config.o obj/default/Source/main.o obj/default/Source/tests.o -lm 
nios2-elf-insert SYSTEM.elf --thread_model hal --cpu_name NIOS_CPU --qsys true --simulation_enabled false --stderr_dev JTAG_UART --stdin_dev JTAG_UART --stdout_dev JTAG_UART --sopc_system_name NIOS_SYSTEMV3 --quartus_project_dir "C:/Users/MrBigBear/Desktop/SYSTEMV3" --jdi C:/Users/MrBigBear/Desktop/SYSTEMV3/SYSTEMV3.jdi --sopcinfo C:/Users/MrBigBear/Desktop/SYSTEMV3/NIOS_SYSTEMV3.sopcinfo
Info: (SYSTEM.elf) 100 KBytes program size (code + initialized data).
Info:              1940 KBytes free for stack + heap.
Info: Creating SYSTEM.objdump
nios2-elf-objdump --disassemble --syms --all-header --source SYSTEM.elf >SYSTEM.objdump
[SYSTEM build complete]

**** Build Finished ****

**** Build of configuration Nios II for project SYSTEM ****

make all 
Info: Building ../SYSTEM_bsp/
make --no-print-directory -C ../SYSTEM_bsp/
[BSP build complete]
Info: Compiling Source/RuntimeFunctions.c to obj/default/Source/RuntimeFunctions.o
nios2-elf-gcc -xc -MP -MMD -c -I../SYSTEM_bsp//HAL/inc -I../SYSTEM_bsp/ -I../SYSTEM_bsp//drivers/inc  -DSYSTEM_BUS_WIDTH=32 -pipe -D__hal__ -DALT_NO_INSTRUCTION_EMULATION -DALT_STACK_CHECK -mstack-check -DALT_SINGLE_THREADED    -O0 -g -Wall   -EL -mno-hw-div -mno-hw-mul -mno-hw-mulx  -o obj/default/Source/RuntimeFunctions.o Source/RuntimeFunctions.c
Info: Compiling Source/config.c to obj/default/Source/config.o
nios2-elf-gcc -xc -MP -MMD -c -I../SYSTEM_bsp//HAL/inc -I../SYSTEM_bsp/ -I../SYSTEM_bsp//drivers/inc  -DSYSTEM_BUS_WIDTH=32 -pipe -D__hal__ -DALT_NO_INSTRUCTION_EMULATION -DALT_STACK_CHECK -mstack-check -DALT_SINGLE_THREADED    -O0 -g -Wall   -EL -mno-hw-div -mno-hw-mul -mno-hw-mulx  -o obj/default/Source/config.o Source/config.c
Info: Compiling Source/main.c to obj/default/Source/main.o
nios2-elf-gcc -xc -MP -MMD -c -I../SYSTEM_bsp//HAL/inc -I../SYSTEM_bsp/ -I../SYSTEM_bsp//drivers/inc  -DSYSTEM_BUS_WIDTH=32 -pipe -D__hal__ -DALT_NO_INSTRUCTION_EMULATION -DALT_STACK_CHECK -mstack-check -DALT_SINGLE_THREADED    -O0 -g -Wall   -EL -mno-hw-div -mno-hw-mul -mno-hw-mulx  -o obj/default/Source/main.o Source/main.c
Info: Compiling Source/tests.c to obj/default/Source/tests.o
nios2-elf-gcc -xc -MP -MMD -c -I../SYSTEM_bsp//HAL/inc -I../SYSTEM_bsp/ -I../SYSTEM_bsp//drivers/inc  -DSYSTEM_BUS_WIDTH=32 -pipe -D__hal__ -DALT_NO_INSTRUCTION_EMULATION -DALT_STACK_CHECK -mstack-check -DALT_SINGLE_THREADED    -O0 -g -Wall   -EL -mno-hw-div -mno-hw-mul -mno-hw-mulx  -o obj/default/Source/tests.o Source/tests.c
Info: Linking SYSTEM.elf
nios2-elf-g++  -T'../SYSTEM_bsp//linker.x' -msys-crt0='../SYSTEM_bsp//obj/HAL/src/crt0.o' -msys-lib=hal_bsp -L../SYSTEM_bsp/   -Wl,-Map=SYSTEM.map   -O0 -g -Wall   -EL -mno-hw-div -mno-hw-mul -mno-hw-mulx  -o SYSTEM.elf obj/default/Source/LCD.o obj/default/Source/RuntimeFunctions.o obj/default/Source/config.o obj/default/Source/main.o obj/default/Source/tests.o -lm 
nios2-elf-insert SYSTEM.elf --thread_model hal --cpu_name NIOS_CPU --qsys true --simulation_enabled false --stderr_dev JTAG_UART --stdin_dev JTAG_UART --stdout_dev JTAG_UART --sopc_system_name NIOS_SYSTEMV3 --quartus_project_dir "C:/Users/MrBigBear/Desktop/SYSTEMV3" --jdi C:/Users/MrBigBear/Desktop/SYSTEMV3/SYSTEMV3.jdi --sopcinfo C:/Users/MrBigBear/Desktop/SYSTEMV3/NIOS_SYSTEMV3.sopcinfo
Info: (SYSTEM.elf) 66 KBytes program size (code + initialized data).
Info:              1975 KBytes free for stack + heap.
Info: Creating SYSTEM.objdump
nios2-elf-objdump --disassemble --syms --all-header --source SYSTEM.elf >SYSTEM.objdump
[SYSTEM build complete]

**** Build Finished ****

**** Build of configuration Nios II for project SYSTEM ****

make all 
Info: Building ../SYSTEM_bsp/
make --no-print-directory -C ../SYSTEM_bsp/
[BSP build complete]
Info: Compiling Source/RuntimeFunctions.c to obj/default/Source/RuntimeFunctions.o
nios2-elf-gcc -xc -MP -MMD -c -I../SYSTEM_bsp//HAL/inc -I../SYSTEM_bsp/ -I../SYSTEM_bsp//drivers/inc  -DSYSTEM_BUS_WIDTH=32 -pipe -D__hal__ -DALT_NO_INSTRUCTION_EMULATION -DALT_STACK_CHECK -mstack-check -DALT_SINGLE_THREADED    -O0 -g -Wall   -EL -mno-hw-div -mno-hw-mul -mno-hw-mulx  -o obj/default/Source/RuntimeFunctions.o Source/RuntimeFunctions.c
Info: Compiling Source/config.c to obj/default/Source/config.o
nios2-elf-gcc -xc -MP -MMD -c -I../SYSTEM_bsp//HAL/inc -I../SYSTEM_bsp/ -I../SYSTEM_bsp//drivers/inc  -DSYSTEM_BUS_WIDTH=32 -pipe -D__hal__ -DALT_NO_INSTRUCTION_EMULATION -DALT_STACK_CHECK -mstack-check -DALT_SINGLE_THREADED    -O0 -g -Wall   -EL -mno-hw-div -mno-hw-mul -mno-hw-mulx  -o obj/default/Source/config.o Source/config.c
Info: Compiling Source/main.c to obj/default/Source/main.o
nios2-elf-gcc -xc -MP -MMD -c -I../SYSTEM_bsp//HAL/inc -I../SYSTEM_bsp/ -I../SYSTEM_bsp//drivers/inc  -DSYSTEM_BUS_WIDTH=32 -pipe -D__hal__ -DALT_NO_INSTRUCTION_EMULATION -DALT_STACK_CHECK -mstack-check -DALT_SINGLE_THREADED    -O0 -g -Wall   -EL -mno-hw-div -mno-hw-mul -mno-hw-mulx  -o obj/default/Source/main.o Source/main.c
Info: Compiling Source/tests.c to obj/default/Source/tests.o
nios2-elf-gcc -xc -MP -MMD -c -I../SYSTEM_bsp//HAL/inc -I../SYSTEM_bsp/ -I../SYSTEM_bsp//drivers/inc  -DSYSTEM_BUS_WIDTH=32 -pipe -D__hal__ -DALT_NO_INSTRUCTION_EMULATION -DALT_STACK_CHECK -mstack-check -DALT_SINGLE_THREADED    -O0 -g -Wall   -EL -mno-hw-div -mno-hw-mul -mno-hw-mulx  -o obj/default/Source/tests.o Source/tests.c
Info: Linking SYSTEM.elf
nios2-elf-g++  -T'../SYSTEM_bsp//linker.x' -msys-crt0='../SYSTEM_bsp//obj/HAL/src/crt0.o' -msys-lib=hal_bsp -L../SYSTEM_bsp/   -Wl,-Map=SYSTEM.map   -O0 -g -Wall   -EL -mno-hw-div -mno-hw-mul -mno-hw-mulx  -o SYSTEM.elf obj/default/Source/LCD.o obj/default/Source/RuntimeFunctions.o obj/default/Source/config.o obj/default/Source/main.o obj/default/Source/tests.o -lm 
nios2-elf-insert SYSTEM.elf --thread_model hal --cpu_name NIOS_CPU --qsys true --simulation_enabled false --stderr_dev JTAG_UART --stdin_dev JTAG_UART --stdout_dev JTAG_UART --sopc_system_name NIOS_SYSTEMV3 --quartus_project_dir "C:/Users/MrBigBear/Desktop/SYSTEMV3" --jdi C:/Users/MrBigBear/Desktop/SYSTEMV3/SYSTEMV3.jdi --sopcinfo C:/Users/MrBigBear/Desktop/SYSTEMV3/NIOS_SYSTEMV3.sopcinfo
Info: (SYSTEM.elf) 100 KBytes program size (code + initialized data).
Info:              1940 KBytes free for stack + heap.
Info: Creating SYSTEM.objdump
nios2-elf-objdump --disassemble --syms --all-header --source SYSTEM.elf >SYSTEM.objdump
[SYSTEM build complete]

**** Build Finished ****

**** Build of configuration Nios II for project SYSTEM ****

make all 
Info: Building ../SYSTEM_bsp/
make --no-print-directory -C ../SYSTEM_bsp/
[BSP build complete]
Info: Compiling Source/RuntimeFunctions.c to obj/default/Source/RuntimeFunctions.o
nios2-elf-gcc -xc -MP -MMD -c -I../SYSTEM_bsp//HAL/inc -I../SYSTEM_bsp/ -I../SYSTEM_bsp//drivers/inc  -DSYSTEM_BUS_WIDTH=32 -pipe -D__hal__ -DALT_NO_INSTRUCTION_EMULATION -DALT_STACK_CHECK -mstack-check -DALT_SINGLE_THREADED    -O0 -g -Wall   -EL -mno-hw-div -mno-hw-mul -mno-hw-mulx  -o obj/default/Source/RuntimeFunctions.o Source/RuntimeFunctions.c
Info: Compiling Source/config.c to obj/default/Source/config.o
nios2-elf-gcc -xc -MP -MMD -c -I../SYSTEM_bsp//HAL/inc -I../SYSTEM_bsp/ -I../SYSTEM_bsp//drivers/inc  -DSYSTEM_BUS_WIDTH=32 -pipe -D__hal__ -DALT_NO_INSTRUCTION_EMULATION -DALT_STACK_CHECK -mstack-check -DALT_SINGLE_THREADED    -O0 -g -Wall   -EL -mno-hw-div -mno-hw-mul -mno-hw-mulx  -o obj/default/Source/config.o Source/config.c
Info: Compiling Source/main.c to obj/default/Source/main.o
nios2-elf-gcc -xc -MP -MMD -c -I../SYSTEM_bsp//HAL/inc -I../SYSTEM_bsp/ -I../SYSTEM_bsp//drivers/inc  -DSYSTEM_BUS_WIDTH=32 -pipe -D__hal__ -DALT_NO_INSTRUCTION_EMULATION -DALT_STACK_CHECK -mstack-check -DALT_SINGLE_THREADED    -O0 -g -Wall   -EL -mno-hw-div -mno-hw-mul -mno-hw-mulx  -o obj/default/Source/main.o Source/main.c
Info: Compiling Source/tests.c to obj/default/Source/tests.o
nios2-elf-gcc -xc -MP -MMD -c -I../SYSTEM_bsp//HAL/inc -I../SYSTEM_bsp/ -I../SYSTEM_bsp//drivers/inc  -DSYSTEM_BUS_WIDTH=32 -pipe -D__hal__ -DALT_NO_INSTRUCTION_EMULATION -DALT_STACK_CHECK -mstack-check -DALT_SINGLE_THREADED    -O0 -g -Wall   -EL -mno-hw-div -mno-hw-mul -mno-hw-mulx  -o obj/default/Source/tests.o Source/tests.c
Info: Linking SYSTEM.elf
nios2-elf-g++  -T'../SYSTEM_bsp//linker.x' -msys-crt0='../SYSTEM_bsp//obj/HAL/src/crt0.o' -msys-lib=hal_bsp -L../SYSTEM_bsp/   -Wl,-Map=SYSTEM.map   -O0 -g -Wall   -EL -mno-hw-div -mno-hw-mul -mno-hw-mulx  -o SYSTEM.elf obj/default/Source/LCD.o obj/default/Source/RuntimeFunctions.o obj/default/Source/config.o obj/default/Source/main.o obj/default/Source/tests.o -lm 
nios2-elf-insert SYSTEM.elf --thread_model hal --cpu_name NIOS_CPU --qsys true --simulation_enabled false --stderr_dev JTAG_UART --stdin_dev JTAG_UART --stdout_dev JTAG_UART --sopc_system_name NIOS_SYSTEMV3 --quartus_project_dir "C:/Users/MrBigBear/Desktop/SYSTEMV3" --jdi C:/Users/MrBigBear/Desktop/SYSTEMV3/SYSTEMV3.jdi --sopcinfo C:/Users/MrBigBear/Desktop/SYSTEMV3/NIOS_SYSTEMV3.sopcinfo
Info: (SYSTEM.elf) 66 KBytes program size (code + initialized data).
Info:              1975 KBytes free for stack + heap.
Info: Creating SYSTEM.objdump
nios2-elf-objdump --disassemble --syms --all-header --source SYSTEM.elf >SYSTEM.objdump
[SYSTEM build complete]

**** Build Finished ****

**** Build of configuration Nios II for project SYSTEM ****

make all 
Info: Building ../SYSTEM_bsp/
make --no-print-directory -C ../SYSTEM_bsp/
[BSP build complete]
Info: Compiling Source/config.c to obj/default/Source/config.o
nios2-elf-gcc -xc -MP -MMD -c -I../SYSTEM_bsp//HAL/inc -I../SYSTEM_bsp/ -I../SYSTEM_bsp//drivers/inc  -DSYSTEM_BUS_WIDTH=32 -pipe -D__hal__ -DALT_NO_INSTRUCTION_EMULATION -DALT_STACK_CHECK -mstack-check -DALT_SINGLE_THREADED    -O0 -g -Wall   -EL -mno-hw-div -mno-hw-mul -mno-hw-mulx  -o obj/default/Source/config.o Source/config.c
Info: Linking SYSTEM.elf
nios2-elf-g++  -T'../SYSTEM_bsp//linker.x' -msys-crt0='../SYSTEM_bsp//obj/HAL/src/crt0.o' -msys-lib=hal_bsp -L../SYSTEM_bsp/   -Wl,-Map=SYSTEM.map   -O0 -g -Wall   -EL -mno-hw-div -mno-hw-mul -mno-hw-mulx  -o SYSTEM.elf obj/default/Source/LCD.o obj/default/Source/RuntimeFunctions.o obj/default/Source/config.o obj/default/Source/main.o obj/default/Source/tests.o -lm 
nios2-elf-insert SYSTEM.elf --thread_model hal --cpu_name NIOS_CPU --qsys true --simulation_enabled false --stderr_dev JTAG_UART --stdin_dev JTAG_UART --stdout_dev JTAG_UART --sopc_system_name NIOS_SYSTEMV3 --quartus_project_dir "C:/Users/MrBigBear/Desktop/SYSTEMV3" --jdi C:/Users/MrBigBear/Desktop/SYSTEMV3/SYSTEMV3.jdi --sopcinfo C:/Users/MrBigBear/Desktop/SYSTEMV3/NIOS_SYSTEMV3.sopcinfo
Info: (SYSTEM.elf) 66 KBytes program size (code + initialized data).
Info:              1975 KBytes free for stack + heap.
Info: Creating SYSTEM.objdump
nios2-elf-objdump --disassemble --syms --all-header --source SYSTEM.elf >SYSTEM.objdump
[SYSTEM build complete]

**** Build Finished ****

**** Build of configuration Nios II for project SYSTEM ****

make all 
Info: Building ../SYSTEM_bsp/
make --no-print-directory -C ../SYSTEM_bsp/
[BSP build complete]
Info: Compiling Source/config.c to obj/default/Source/config.o
nios2-elf-gcc -xc -MP -MMD -c -I../SYSTEM_bsp//HAL/inc -I../SYSTEM_bsp/ -I../SYSTEM_bsp//drivers/inc  -DSYSTEM_BUS_WIDTH=32 -pipe -D__hal__ -DALT_NO_INSTRUCTION_EMULATION -DALT_STACK_CHECK -mstack-check -DALT_SINGLE_THREADED    -O0 -g -Wall   -EL -mno-hw-div -mno-hw-mul -mno-hw-mulx  -o obj/default/Source/config.o Source/config.c
Info: Linking SYSTEM.elf
nios2-elf-g++  -T'../SYSTEM_bsp//linker.x' -msys-crt0='../SYSTEM_bsp//obj/HAL/src/crt0.o' -msys-lib=hal_bsp -L../SYSTEM_bsp/   -Wl,-Map=SYSTEM.map   -O0 -g -Wall   -EL -mno-hw-div -mno-hw-mul -mno-hw-mulx  -o SYSTEM.elf obj/default/Source/LCD.o obj/default/Source/RuntimeFunctions.o obj/default/Source/config.o obj/default/Source/main.o obj/default/Source/tests.o -lm 
nios2-elf-insert SYSTEM.elf --thread_model hal --cpu_name NIOS_CPU --qsys true --simulation_enabled false --stderr_dev JTAG_UART --stdin_dev JTAG_UART --stdout_dev JTAG_UART --sopc_system_name NIOS_SYSTEMV3 --quartus_project_dir "C:/Users/MrBigBear/Desktop/SYSTEMV3" --jdi C:/Users/MrBigBear/Desktop/SYSTEMV3/SYSTEMV3.jdi --sopcinfo C:/Users/MrBigBear/Desktop/SYSTEMV3/NIOS_SYSTEMV3.sopcinfo
Info: (SYSTEM.elf) 66 KBytes program size (code + initialized data).
Info:              1975 KBytes free for stack + heap.
Info: Creating SYSTEM.objdump
nios2-elf-objdump --disassemble --syms --all-header --source SYSTEM.elf >SYSTEM.objdump
[SYSTEM build complete]

**** Build Finished ****

**** Build of configuration Nios II for project SYSTEM ****

make all 
Info: Building ../SYSTEM_bsp/
make --no-print-directory -C ../SYSTEM_bsp/
[BSP build complete]
Info: Compiling Source/config.c to obj/default/Source/config.o
nios2-elf-gcc -xc -MP -MMD -c -I../SYSTEM_bsp//HAL/inc -I../SYSTEM_bsp/ -I../SYSTEM_bsp//drivers/inc  -DSYSTEM_BUS_WIDTH=32 -pipe -D__hal__ -DALT_NO_INSTRUCTION_EMULATION -DALT_STACK_CHECK -mstack-check -DALT_SINGLE_THREADED    -O0 -g -Wall   -EL -mno-hw-div -mno-hw-mul -mno-hw-mulx  -o obj/default/Source/config.o Source/config.c
Info: Linking SYSTEM.elf
nios2-elf-g++  -T'../SYSTEM_bsp//linker.x' -msys-crt0='../SYSTEM_bsp//obj/HAL/src/crt0.o' -msys-lib=hal_bsp -L../SYSTEM_bsp/   -Wl,-Map=SYSTEM.map   -O0 -g -Wall   -EL -mno-hw-div -mno-hw-mul -mno-hw-mulx  -o SYSTEM.elf obj/default/Source/LCD.o obj/default/Source/RuntimeFunctions.o obj/default/Source/config.o obj/default/Source/main.o obj/default/Source/tests.o -lm 
nios2-elf-insert SYSTEM.elf --thread_model hal --cpu_name NIOS_CPU --qsys true --simulation_enabled false --stderr_dev JTAG_UART --stdin_dev JTAG_UART --stdout_dev JTAG_UART --sopc_system_name NIOS_SYSTEMV3 --quartus_project_dir "C:/Users/MrBigBear/Desktop/SYSTEMV3" --jdi C:/Users/MrBigBear/Desktop/SYSTEMV3/SYSTEMV3.jdi --sopcinfo C:/Users/MrBigBear/Desktop/SYSTEMV3/NIOS_SYSTEMV3.sopcinfo
Info: (SYSTEM.elf) 66 KBytes program size (code + initialized data).
Info:              1975 KBytes free for stack + heap.
Info: Creating SYSTEM.objdump
nios2-elf-objdump --disassemble --syms --all-header --source SYSTEM.elf >SYSTEM.objdump
[SYSTEM build complete]

**** Build Finished ****

**** Build of configuration Nios II for project SYSTEM ****

make all 
Info: Building ../SYSTEM_bsp/
make --no-print-directory -C ../SYSTEM_bsp/
[BSP build complete]
Info: Compiling Source/config.c to obj/default/Source/config.o
nios2-elf-gcc -xc -MP -MMD -c -I../SYSTEM_bsp//HAL/inc -I../SYSTEM_bsp/ -I../SYSTEM_bsp//drivers/inc  -DSYSTEM_BUS_WIDTH=32 -pipe -D__hal__ -DALT_NO_INSTRUCTION_EMULATION -DALT_STACK_CHECK -mstack-check -DALT_SINGLE_THREADED    -O0 -g -Wall   -EL -mno-hw-div -mno-hw-mul -mno-hw-mulx  -o obj/default/Source/config.o Source/config.c
Info: Linking SYSTEM.elf
nios2-elf-g++  -T'../SYSTEM_bsp//linker.x' -msys-crt0='../SYSTEM_bsp//obj/HAL/src/crt0.o' -msys-lib=hal_bsp -L../SYSTEM_bsp/   -Wl,-Map=SYSTEM.map   -O0 -g -Wall   -EL -mno-hw-div -mno-hw-mul -mno-hw-mulx  -o SYSTEM.elf obj/default/Source/LCD.o obj/default/Source/RuntimeFunctions.o obj/default/Source/config.o obj/default/Source/main.o obj/default/Source/tests.o -lm 
nios2-elf-insert SYSTEM.elf --thread_model hal --cpu_name NIOS_CPU --qsys true --simulation_enabled false --stderr_dev JTAG_UART --stdin_dev JTAG_UART --stdout_dev JTAG_UART --sopc_system_name NIOS_SYSTEMV3 --quartus_project_dir "C:/Users/MrBigBear/Desktop/SYSTEMV3" --jdi C:/Users/MrBigBear/Desktop/SYSTEMV3/SYSTEMV3.jdi --sopcinfo C:/Users/MrBigBear/Desktop/SYSTEMV3/NIOS_SYSTEMV3.sopcinfo
Info: (SYSTEM.elf) 66 KBytes program size (code + initialized data).
Info:              1975 KBytes free for stack + heap.
Info: Creating SYSTEM.objdump
nios2-elf-objdump --disassemble --syms --all-header --source SYSTEM.elf >SYSTEM.objdump
[SYSTEM build complete]

**** Build Finished ****

**** Build of configuration Nios II for project SYSTEM ****

make all 
Info: Building ../SYSTEM_bsp/
make --no-print-directory -C ../SYSTEM_bsp/
[BSP build complete]
Info: Compiling Source/RuntimeFunctions.c to obj/default/Source/RuntimeFunctions.o
nios2-elf-gcc -xc -MP -MMD -c -I../SYSTEM_bsp//HAL/inc -I../SYSTEM_bsp/ -I../SYSTEM_bsp//drivers/inc  -DSYSTEM_BUS_WIDTH=32 -pipe -D__hal__ -DALT_NO_INSTRUCTION_EMULATION -DALT_STACK_CHECK -mstack-check -DALT_SINGLE_THREADED    -O0 -g -Wall   -EL -mno-hw-div -mno-hw-mul -mno-hw-mulx  -o obj/default/Source/RuntimeFunctions.o Source/RuntimeFunctions.c
Info: Compiling Source/config.c to obj/default/Source/config.o
nios2-elf-gcc -xc -MP -MMD -c -I../SYSTEM_bsp//HAL/inc -I../SYSTEM_bsp/ -I../SYSTEM_bsp//drivers/inc  -DSYSTEM_BUS_WIDTH=32 -pipe -D__hal__ -DALT_NO_INSTRUCTION_EMULATION -DALT_STACK_CHECK -mstack-check -DALT_SINGLE_THREADED    -O0 -g -Wall   -EL -mno-hw-div -mno-hw-mul -mno-hw-mulx  -o obj/default/Source/config.o Source/config.c
Info: Compiling Source/main.c to obj/default/Source/main.o
nios2-elf-gcc -xc -MP -MMD -c -I../SYSTEM_bsp//HAL/inc -I../SYSTEM_bsp/ -I../SYSTEM_bsp//drivers/inc  -DSYSTEM_BUS_WIDTH=32 -pipe -D__hal__ -DALT_NO_INSTRUCTION_EMULATION -DALT_STACK_CHECK -mstack-check -DALT_SINGLE_THREADED    -O0 -g -Wall   -EL -mno-hw-div -mno-hw-mul -mno-hw-mulx  -o obj/default/Source/main.o Source/main.c
Info: Compiling Source/tests.c to obj/default/Source/tests.o
nios2-elf-gcc -xc -MP -MMD -c -I../SYSTEM_bsp//HAL/inc -I../SYSTEM_bsp/ -I../SYSTEM_bsp//drivers/inc  -DSYSTEM_BUS_WIDTH=32 -pipe -D__hal__ -DALT_NO_INSTRUCTION_EMULATION -DALT_STACK_CHECK -mstack-check -DALT_SINGLE_THREADED    -O0 -g -Wall   -EL -mno-hw-div -mno-hw-mul -mno-hw-mulx  -o obj/default/Source/tests.o Source/tests.c
Info: Linking SYSTEM.elf
nios2-elf-g++  -T'../SYSTEM_bsp//linker.x' -msys-crt0='../SYSTEM_bsp//obj/HAL/src/crt0.o' -msys-lib=hal_bsp -L../SYSTEM_bsp/   -Wl,-Map=SYSTEM.map   -O0 -g -Wall   -EL -mno-hw-div -mno-hw-mul -mno-hw-mulx  -o SYSTEM.elf obj/default/Source/LCD.o obj/default/Source/RuntimeFunctions.o obj/default/Source/config.o obj/default/Source/main.o obj/default/Source/tests.o -lm 
nios2-elf-insert SYSTEM.elf --thread_model hal --cpu_name NIOS_CPU --qsys true --simulation_enabled false --stderr_dev JTAG_UART --stdin_dev JTAG_UART --stdout_dev JTAG_UART --sopc_system_name NIOS_SYSTEMV3 --quartus_project_dir "C:/Users/MrBigBear/Desktop/SYSTEMV3" --jdi C:/Users/MrBigBear/Desktop/SYSTEMV3/SYSTEMV3.jdi --sopcinfo C:/Users/MrBigBear/Desktop/SYSTEMV3/NIOS_SYSTEMV3.sopcinfo
Info: (SYSTEM.elf) 100 KBytes program size (code + initialized data).
Info:              1940 KBytes free for stack + heap.
Info: Creating SYSTEM.objdump
nios2-elf-objdump --disassemble --syms --all-header --source SYSTEM.elf >SYSTEM.objdump
[SYSTEM build complete]

**** Build Finished ****

**** Build of configuration Nios II for project SYSTEM ****

make all 
Info: Building ../SYSTEM_bsp/
make --no-print-directory -C ../SYSTEM_bsp/
[BSP build complete]
Info: Compiling Source/RuntimeFunctions.c to obj/default/Source/RuntimeFunctions.o
nios2-elf-gcc -xc -MP -MMD -c -I../SYSTEM_bsp//HAL/inc -I../SYSTEM_bsp/ -I../SYSTEM_bsp//drivers/inc  -DSYSTEM_BUS_WIDTH=32 -pipe -D__hal__ -DALT_NO_INSTRUCTION_EMULATION -DALT_STACK_CHECK -mstack-check -DALT_SINGLE_THREADED    -O0 -g -Wall   -EL -mno-hw-div -mno-hw-mul -mno-hw-mulx  -o obj/default/Source/RuntimeFunctions.o Source/RuntimeFunctions.c
Info: Compiling Source/config.c to obj/default/Source/config.o
nios2-elf-gcc -xc -MP -MMD -c -I../SYSTEM_bsp//HAL/inc -I../SYSTEM_bsp/ -I../SYSTEM_bsp//drivers/inc  -DSYSTEM_BUS_WIDTH=32 -pipe -D__hal__ -DALT_NO_INSTRUCTION_EMULATION -DALT_STACK_CHECK -mstack-check -DALT_SINGLE_THREADED    -O0 -g -Wall   -EL -mno-hw-div -mno-hw-mul -mno-hw-mulx  -o obj/default/Source/config.o Source/config.c
Info: Compiling Source/main.c to obj/default/Source/main.o
nios2-elf-gcc -xc -MP -MMD -c -I../SYSTEM_bsp//HAL/inc -I../SYSTEM_bsp/ -I../SYSTEM_bsp//drivers/inc  -DSYSTEM_BUS_WIDTH=32 -pipe -D__hal__ -DALT_NO_INSTRUCTION_EMULATION -DALT_STACK_CHECK -mstack-check -DALT_SINGLE_THREADED    -O0 -g -Wall   -EL -mno-hw-div -mno-hw-mul -mno-hw-mulx  -o obj/default/Source/main.o Source/main.c
Info: Compiling Source/tests.c to obj/default/Source/tests.o
nios2-elf-gcc -xc -MP -MMD -c -I../SYSTEM_bsp//HAL/inc -I../SYSTEM_bsp/ -I../SYSTEM_bsp//drivers/inc  -DSYSTEM_BUS_WIDTH=32 -pipe -D__hal__ -DALT_NO_INSTRUCTION_EMULATION -DALT_STACK_CHECK -mstack-check -DALT_SINGLE_THREADED    -O0 -g -Wall   -EL -mno-hw-div -mno-hw-mul -mno-hw-mulx  -o obj/default/Source/tests.o Source/tests.c
Info: Linking SYSTEM.elf
nios2-elf-g++  -T'../SYSTEM_bsp//linker.x' -msys-crt0='../SYSTEM_bsp//obj/HAL/src/crt0.o' -msys-lib=hal_bsp -L../SYSTEM_bsp/   -Wl,-Map=SYSTEM.map   -O0 -g -Wall   -EL -mno-hw-div -mno-hw-mul -mno-hw-mulx  -o SYSTEM.elf obj/default/Source/LCD.o obj/default/Source/RuntimeFunctions.o obj/default/Source/config.o obj/default/Source/main.o obj/default/Source/tests.o -lm 
nios2-elf-insert SYSTEM.elf --thread_model hal --cpu_name NIOS_CPU --qsys true --simulation_enabled false --stderr_dev JTAG_UART --stdin_dev JTAG_UART --stdout_dev JTAG_UART --sopc_system_name NIOS_SYSTEMV3 --quartus_project_dir "C:/Users/MrBigBear/Desktop/SYSTEMV3" --jdi C:/Users/MrBigBear/Desktop/SYSTEMV3/SYSTEMV3.jdi --sopcinfo C:/Users/MrBigBear/Desktop/SYSTEMV3/NIOS_SYSTEMV3.sopcinfo
Info: (SYSTEM.elf) 66 KBytes program size (code + initialized data).
Info:              1975 KBytes free for stack + heap.
Info: Creating SYSTEM.objdump
nios2-elf-objdump --disassemble --syms --all-header --source SYSTEM.elf >SYSTEM.objdump
[SYSTEM build complete]

**** Build Finished ****

**** Build of configuration Nios II for project SYSTEM ****

make all 
Info: Building ../SYSTEM_bsp/
make --no-print-directory -C ../SYSTEM_bsp/
[BSP build complete]
Info: Compiling Source/LCD.c to obj/default/Source/LCD.o
nios2-elf-gcc -xc -MP -MMD -c -I../SYSTEM_bsp//HAL/inc -I../SYSTEM_bsp/ -I../SYSTEM_bsp//drivers/inc  -DSYSTEM_BUS_WIDTH=32 -pipe -D__hal__ -DALT_NO_INSTRUCTION_EMULATION -DALT_STACK_CHECK -mstack-check -DALT_SINGLE_THREADED    -O0 -g -Wall   -EL -mno-hw-div -mno-hw-mul -mno-hw-mulx  -o obj/default/Source/LCD.o Source/LCD.c
Info: Compiling Source/RuntimeFunctions.c to obj/default/Source/RuntimeFunctions.o
nios2-elf-gcc -xc -MP -MMD -c -I../SYSTEM_bsp//HAL/inc -I../SYSTEM_bsp/ -I../SYSTEM_bsp//drivers/inc  -DSYSTEM_BUS_WIDTH=32 -pipe -D__hal__ -DALT_NO_INSTRUCTION_EMULATION -DALT_STACK_CHECK -mstack-check -DALT_SINGLE_THREADED    -O0 -g -Wall   -EL -mno-hw-div -mno-hw-mul -mno-hw-mulx  -o obj/default/Source/RuntimeFunctions.o Source/RuntimeFunctions.c
Info: Compiling Source/config.c to obj/default/Source/config.o
nios2-elf-gcc -xc -MP -MMD -c -I../SYSTEM_bsp//HAL/inc -I../SYSTEM_bsp/ -I../SYSTEM_bsp//drivers/inc  -DSYSTEM_BUS_WIDTH=32 -pipe -D__hal__ -DALT_NO_INSTRUCTION_EMULATION -DALT_STACK_CHECK -mstack-check -DALT_SINGLE_THREADED    -O0 -g -Wall   -EL -mno-hw-div -mno-hw-mul -mno-hw-mulx  -o obj/default/Source/config.o Source/config.c
Info: Compiling Source/main.c to obj/default/Source/main.o
nios2-elf-gcc -xc -MP -MMD -c -I../SYSTEM_bsp//HAL/inc -I../SYSTEM_bsp/ -I../SYSTEM_bsp//drivers/inc  -DSYSTEM_BUS_WIDTH=32 -pipe -D__hal__ -DALT_NO_INSTRUCTION_EMULATION -DALT_STACK_CHECK -mstack-check -DALT_SINGLE_THREADED    -O0 -g -Wall   -EL -mno-hw-div -mno-hw-mul -mno-hw-mulx  -o obj/default/Source/main.o Source/main.c
Source/main.c: In function 'main':
Source/main.c:43: error: 'counter' undeclared (first use in this function)
Source/main.c:43: error: (Each undeclared identifier is reported only once
Source/main.c:43: error: for each function it appears in.)
Source/main.c:43: error: 'Nreceivers' undeclared (first use in this function)
Source/main.c:43: error: 'R' undeclared (first use in this function)
Source/main.c:43: error: 'phi' undeclared (first use in this function)
Source/main.c:43: error: 'theta' undeclared (first use in this function)
Source/main.c:44: warning: implicit declaration of function 'display_results'
make: *** [obj/default/Source/main.o] Error 1

**** Build Finished ****

**** Build of configuration Nios II for project SYSTEM ****

make all 
Info: Building ../SYSTEM_bsp/
make --no-print-directory -C ../SYSTEM_bsp/
[BSP build complete]
Info: Compiling Source/RuntimeFunctions.c to obj/default/Source/RuntimeFunctions.o
nios2-elf-gcc -xc -MP -MMD -c -I../SYSTEM_bsp//HAL/inc -I../SYSTEM_bsp/ -I../SYSTEM_bsp//drivers/inc  -DSYSTEM_BUS_WIDTH=32 -pipe -D__hal__ -DALT_NO_INSTRUCTION_EMULATION -DALT_STACK_CHECK -mstack-check -DALT_SINGLE_THREADED    -O0 -g -Wall   -EL -mno-hw-div -mno-hw-mul -mno-hw-mulx  -o obj/default/Source/RuntimeFunctions.o Source/RuntimeFunctions.c
Info: Compiling Source/config.c to obj/default/Source/config.o
nios2-elf-gcc -xc -MP -MMD -c -I../SYSTEM_bsp//HAL/inc -I../SYSTEM_bsp/ -I../SYSTEM_bsp//drivers/inc  -DSYSTEM_BUS_WIDTH=32 -pipe -D__hal__ -DALT_NO_INSTRUCTION_EMULATION -DALT_STACK_CHECK -mstack-check -DALT_SINGLE_THREADED    -O0 -g -Wall   -EL -mno-hw-div -mno-hw-mul -mno-hw-mulx  -o obj/default/Source/config.o Source/config.c
Info: Compiling Source/main.c to obj/default/Source/main.o
nios2-elf-gcc -xc -MP -MMD -c -I../SYSTEM_bsp//HAL/inc -I../SYSTEM_bsp/ -I../SYSTEM_bsp//drivers/inc  -DSYSTEM_BUS_WIDTH=32 -pipe -D__hal__ -DALT_NO_INSTRUCTION_EMULATION -DALT_STACK_CHECK -mstack-check -DALT_SINGLE_THREADED    -O0 -g -Wall   -EL -mno-hw-div -mno-hw-mul -mno-hw-mulx  -o obj/default/Source/main.o Source/main.c
Source/main.c: In function 'main':
Source/main.c:44: warning: implicit declaration of function 'display_results'
Info: Compiling Source/tests.c to obj/default/Source/tests.o
nios2-elf-gcc -xc -MP -MMD -c -I../SYSTEM_bsp//HAL/inc -I../SYSTEM_bsp/ -I../SYSTEM_bsp//drivers/inc  -DSYSTEM_BUS_WIDTH=32 -pipe -D__hal__ -DALT_NO_INSTRUCTION_EMULATION -DALT_STACK_CHECK -mstack-check -DALT_SINGLE_THREADED    -O0 -g -Wall   -EL -mno-hw-div -mno-hw-mul -mno-hw-mulx  -o obj/default/Source/tests.o Source/tests.c
Info: Linking SYSTEM.elf
nios2-elf-g++  -T'../SYSTEM_bsp//linker.x' -msys-crt0='../SYSTEM_bsp//obj/HAL/src/crt0.o' -msys-lib=hal_bsp -L../SYSTEM_bsp/   -Wl,-Map=SYSTEM.map   -O0 -g -Wall   -EL -mno-hw-div -mno-hw-mul -mno-hw-mulx  -o SYSTEM.elf obj/default/Source/LCD.o obj/default/Source/RuntimeFunctions.o obj/default/Source/config.o obj/default/Source/main.o obj/default/Source/tests.o -lm 
obj/default/Source/main.o: In function `main':
C:\Users\MrBigBear\Desktop\SYSTEMV3\software\SYSTEM/Source/main.c:44: undefined reference to `display_results'
collect2: ld returned 1 exit status
make: *** [SYSTEM.elf] Error 1

**** Build Finished ****

**** Build of configuration Nios II for project SYSTEM ****

make all 
Info: Building ../SYSTEM_bsp/
make --no-print-directory -C ../SYSTEM_bsp/
[BSP build complete]
Info: Compiling Source/main.c to obj/default/Source/main.o
nios2-elf-gcc -xc -MP -MMD -c -I../SYSTEM_bsp//HAL/inc -I../SYSTEM_bsp/ -I../SYSTEM_bsp//drivers/inc  -DSYSTEM_BUS_WIDTH=32 -pipe -D__hal__ -DALT_NO_INSTRUCTION_EMULATION -DALT_STACK_CHECK -mstack-check -DALT_SINGLE_THREADED    -O0 -g -Wall   -EL -mno-hw-div -mno-hw-mul -mno-hw-mulx  -o obj/default/Source/main.o Source/main.c
Info: Linking SYSTEM.elf
nios2-elf-g++  -T'../SYSTEM_bsp//linker.x' -msys-crt0='../SYSTEM_bsp//obj/HAL/src/crt0.o' -msys-lib=hal_bsp -L../SYSTEM_bsp/   -Wl,-Map=SYSTEM.map   -O0 -g -Wall   -EL -mno-hw-div -mno-hw-mul -mno-hw-mulx  -o SYSTEM.elf obj/default/Source/LCD.o obj/default/Source/RuntimeFunctions.o obj/default/Source/config.o obj/default/Source/main.o obj/default/Source/tests.o -lm 
nios2-elf-insert SYSTEM.elf --thread_model hal --cpu_name NIOS_CPU --qsys true --simulation_enabled false --stderr_dev JTAG_UART --stdin_dev JTAG_UART --stdout_dev JTAG_UART --sopc_system_name NIOS_SYSTEMV3 --quartus_project_dir "C:/Users/MrBigBear/Desktop/SYSTEMV3" --jdi C:/Users/MrBigBear/Desktop/SYSTEMV3/SYSTEMV3.jdi --sopcinfo C:/Users/MrBigBear/Desktop/SYSTEMV3/NIOS_SYSTEMV3.sopcinfo
Info: (SYSTEM.elf) 66 KBytes program size (code + initialized data).
Info:              1975 KBytes free for stack + heap.
Info: Creating SYSTEM.objdump
nios2-elf-objdump --disassemble --syms --all-header --source SYSTEM.elf >SYSTEM.objdump
[SYSTEM build complete]

**** Build Finished ****
