
**** Build of configuration Nios II for project QuadInterp ****

make all 
Info: Building ../QuadInterp_bsp/
make --no-print-directory -C ../QuadInterp_bsp/
[BSP build complete]
Info: Compiling main.c to obj/default/main.o
nios2-elf-gcc -xc -MP -MMD -c -I../QuadInterp_bsp//HAL/inc -I../QuadInterp_bsp/ -I../QuadInterp_bsp//drivers/inc  -DSYSTEM_BUS_WIDTH=32 -pipe -D__hal__ -DALT_NO_C_PLUS_PLUS -DALT_NO_CLEAN_EXIT -DALT_NO_EXIT -DALT_USE_DIRECT_DRIVERS -DALT_NO_INSTRUCTION_EMULATION -DALT_USE_SMALL_DRIVERS -DSMALL_C_LIB -DALT_SINGLE_THREADED    -Os -g -Wall   -EL -mno-hw-div -mno-hw-mul -mno-hw-mulx  -o obj/default/main.o main.c
main.c: In function 'main':
Info: Linking QuadInterp.elf
main.c:14: warning: integer constant is too large for 'long' type
nios2-elf-g++  -T'../QuadInterp_bsp//linker.x' -msys-crt0='../QuadInterp_bsp//obj/HAL/src/crt0.o' -msys-lib=hal_bsp -L../QuadInterp_bsp/  -Wl,--defsym,exit=_exit -msmallc  -Wl,-Map=QuadInterp.map   -Os -g -Wall   -EL -mno-hw-div -mno-hw-mul -mno-hw-mulx  -o QuadInterp.elf obj/default/main.o -lm 
main.c:14: warning: integer constant is too large for 'long' type
main.c:14: warning: integer constant is too large for 'long' type
main.c:14: warning: integer constant is too large for 'long' type
main.c:14: warning: integer constant is too large for 'long' type
main.c:14: warning: integer constant is too large for 'long' type
nios2-elf-insert QuadInterp.elf --thread_model hal --cpu_name NIOS_CPU --qsys true --simulation_enabled false --stderr_dev JTAG_UART --stdin_dev JTAG_UART --stdout_dev JTAG_UART --sopc_system_name NIOS_SYSTEMV3 --quartus_project_dir "C:/Users/MrBigBear/Desktop/SYSTEMV3" --jdi C:/Users/MrBigBear/Desktop/SYSTEMV3/SYSTEMV3.jdi --sopcinfo C:/Users/MrBigBear/Desktop/SYSTEMV3/NIOS_SYSTEMV3.sopcinfo
Info: (QuadInterp.elf) 14 KBytes program size (code + initialized data).
Info:                  1024 Bytes free for stack + heap.
Info: Creating QuadInterp.objdump
nios2-elf-objdump --disassemble --syms --all-header --source QuadInterp.elf >QuadInterp.objdump
[QuadInterp build complete]

**** Build Finished ****
