
**** Build of configuration Nios II for project QuadInterpV2 ****

make all 
Info: Building ../QuadInterpV2_bsp/
make --no-print-directory -C ../QuadInterpV2_bsp/
[BSP build complete]
Info: Compiling main.c to obj/default/main.o
nios2-elf-gcc -xc -MP -MMD -c -I../QuadInterpV2_bsp//HAL/inc -I../QuadInterpV2_bsp/ -I../QuadInterpV2_bsp//drivers/inc  -DSYSTEM_BUS_WIDTH=32 -pipe -D__hal__ -DALT_NO_INSTRUCTION_EMULATION -DALT_SINGLE_THREADED    -O0 -g -Wall   -EL -mno-hw-div -mno-hw-mul -mno-hw-mulx  -o obj/default/main.o main.c
main.c: In function 'main':
main.c:7: warning: unused variable 'n_test'
Info: Linking QuadInterpV2.elf
nios2-elf-g++  -T'../QuadInterpV2_bsp//linker.x' -msys-crt0='../QuadInterpV2_bsp//obj/HAL/src/crt0.o' -msys-lib=hal_bsp -L../QuadInterpV2_bsp/   -Wl,-Map=QuadInterpV2.map   -O0 -g -Wall   -EL -mno-hw-div -mno-hw-mul -mno-hw-mulx  -o QuadInterpV2.elf obj/default/main.o -lm 
f:/altera/13.0sp1/nios2eds/bin/gnu/h-i686-mingw32/bin/../lib/gcc/nios2-elf/4.1.2/../../../../nios2-elf/bin/ld.exe: QuadInterpV2.elf section `.text' will not fit in region `RAM'
f:/altera/13.0sp1/nios2eds/bin/gnu/h-i686-mingw32/bin/../lib/gcc/nios2-elf/4.1.2/../../../../nios2-elf/bin/ld.exe: address 0x101fc of QuadInterpV2.elf section `.rwdata' is not within region `RAM'
f:/altera/13.0sp1/nios2eds/bin/gnu/h-i686-mingw32/bin/../lib/gcc/nios2-elf/4.1.2/../../../../nios2-elf/bin/ld.exe: address 0x1206c of QuadInterpV2.elf section `.bss' is not within region `RAM'
f:/altera/13.0sp1/nios2eds/bin/gnu/h-i686-mingw32/bin/../lib/gcc/nios2-elf/4.1.2/../../../../nios2-elf/bin/ld.exe: address 0x1206c of QuadInterpV2.elf section `.RAM' is not within region `RAM'
f:/altera/13.0sp1/nios2eds/bin/gnu/h-i686-mingw32/bin/../lib/gcc/nios2-elf/4.1.2/../../../../nios2-elf/bin/ld.exe: address 0x101fc of QuadInterpV2.elf section `.rwdata' is not within region `RAM'
f:/altera/13.0sp1/nios2eds/bin/gnu/h-i686-mingw32/bin/../lib/gcc/nios2-elf/4.1.2/../../../../nios2-elf/bin/ld.exe: address 0x1206c of QuadInterpV2.elf section `.bss' is not within region `RAM'
f:/altera/13.0sp1/nios2eds/bin/gnu/h-i686-mingw32/bin/../lib/gcc/nios2-elf/4.1.2/../../../../nios2-elf/bin/ld.exe: address 0x1206c of QuadInterpV2.elf section `.RAM' is not within region `RAM'
f:/altera/13.0sp1/nios2eds/bin/gnu/h-i686-mingw32/bin/../lib/gcc/nios2-elf/4.1.2/../../../../nios2-elf/bin/ld.exe: region `RAM' overflowed by 57452 bytes
collect2: ld returned 1 exit status
make: *** [QuadInterpV2.elf] Error 1

**** Build Finished ****
