Partition Merge report for SYSTEMV3
Fri Oct 23 18:47:31 2015
Quartus II 64-Bit Version 13.0.1 Build 232 06/12/2013 Service Pack 1 SJ Full Version


---------------------
; Table of Contents ;
---------------------
  1. Legal Notice
  2. Partition Merge Summary
  3. Partition Merge Netlist Types Used
  4. Partition Merge Partition Statistics
  5. Partition Merge Resource Usage Summary
  6. Partition Merge RAM Summary
  7. Partition Merge DSP Block Usage Summary
  8. Partition Merge Messages



----------------
; Legal Notice ;
----------------
Copyright (C) 1991-2013 Altera Corporation
Your use of Altera Corporation's design tools, logic functions 
and other software and tools, and its AMPP partner logic 
functions, and any output files from any of the foregoing 
(including device programming or simulation files), and any 
associated documentation or information are expressly subject 
to the terms and conditions of the Altera Program License 
Subscription Agreement, Altera MegaCore Function License 
Agreement, or other applicable license agreement, including, 
without limitation, that your use is for the sole purpose of 
programming logic devices manufactured by Altera and sold by 
Altera or its authorized distributors.  Please refer to the 
applicable agreement for further details.



+---------------------------------------------------------------------------------------+
; Partition Merge Summary                                                               ;
+------------------------------------+--------------------------------------------------+
; Partition Merge Status             ; Successful - Fri Oct 23 18:47:31 2015            ;
; Quartus II 64-Bit Version          ; 13.0.1 Build 232 06/12/2013 SP 1 SJ Full Version ;
; Revision Name                      ; SYSTEMV3                                         ;
; Top-level Entity Name              ; main                                             ;
; Family                             ; Cyclone II                                       ;
; Total logic elements               ; 29,746                                           ;
;     Total combinational functions  ; 22,610                                           ;
;     Dedicated logic registers      ; 16,760                                           ;
; Total registers                    ; 16760                                            ;
; Total pins                         ; 254                                              ;
; Total virtual pins                 ; 0                                                ;
; Total memory bits                  ; 106,965                                          ;
; Embedded Multiplier 9-bit elements ; 45                                               ;
; Total PLLs                         ; 1                                                ;
+------------------------------------+--------------------------------------------------+


+-------------------------------------------------------------------------------------------------------------------------------+
; Partition Merge Netlist Types Used                                                                                            ;
+--------------------------------+----------------+-------------------+------------------------+--------------------------------+
; Partition Name                 ; Partition Type ; Netlist Type Used ; Netlist Type Requested ; Partition Contents             ;
+--------------------------------+----------------+-------------------+------------------------+--------------------------------+
; Top                            ; User-created   ; Source File       ; Post-Fit               ;                                ;
; sld_hub:auto_hub               ; Auto-generated ; Post-Synthesis    ; Post-Synthesis         ; sld_hub:auto_hub               ;
; hard_block:auto_generated_inst ; Auto-generated ; Source File       ; Source File            ; hard_block:auto_generated_inst ;
+--------------------------------+----------------+-------------------+------------------------+--------------------------------+


+----------------------------------------------------------------------------------------------------------+
; Partition Merge Partition Statistics                                                                     ;
+---------------------------------------------+--------+------------------+--------------------------------+
; Statistic                                   ; Top    ; sld_hub:auto_hub ; hard_block:auto_generated_inst ;
+---------------------------------------------+--------+------------------+--------------------------------+
; Estimated Total logic elements              ; 29567  ; 179              ; 0                              ;
;                                             ;        ;                  ;                                ;
; Total combinational functions               ; 22447  ; 163              ; 0                              ;
; Logic element usage by number of LUT inputs ;        ;                  ;                                ;
;     -- 4 input functions                    ; 11569  ; 70               ; 0                              ;
;     -- 3 input functions                    ; 5947   ; 53               ; 0                              ;
;     -- <=2 input functions                  ; 4931   ; 40               ; 0                              ;
;                                             ;        ;                  ;                                ;
; Logic elements by mode                      ;        ;                  ;                                ;
;     -- normal mode                          ; 16803  ; 155              ; 0                              ;
;     -- arithmetic mode                      ; 5644   ; 8                ; 0                              ;
;                                             ;        ;                  ;                                ;
; Total registers                             ; 16663  ; 97               ; 0                              ;
;     -- Dedicated logic registers            ; 16663  ; 97               ; 0                              ;
;                                             ;        ;                  ;                                ;
; Virtual pins                                ; 0      ; 0                ; 0                              ;
; I/O pins                                    ; 254    ; 0                ; 0                              ;
; Embedded Multiplier 9-bit elements          ; 45     ; 0                ; 0                              ;
; Total memory bits                           ; 106965 ; 0                ; 0                              ;
; Total RAM block bits                        ; 0      ; 0                ; 0                              ;
; JTAG                                        ; 1      ; 0                ; 0                              ;
; PLL                                         ; 0      ; 0                ; 1                              ;
;                                             ;        ;                  ;                                ;
; Connections                                 ;        ;                  ;                                ;
;     -- Input Connections                    ; 21791  ; 142              ; 1                              ;
;     -- Registered Input Connections         ; 21489  ; 107              ; 0                              ;
;     -- Output Connections                   ; 238    ; 173              ; 21523                          ;
;     -- Registered Output Connections        ; 4      ; 172              ; 0                              ;
;                                             ;        ;                  ;                                ;
; Internal Connections                        ;        ;                  ;                                ;
;     -- Total Connections                    ; 161861 ; 1023             ; 21524                          ;
;     -- Registered Connections               ; 105220 ; 725              ; 0                              ;
;                                             ;        ;                  ;                                ;
; External Connections                        ;        ;                  ;                                ;
;     -- Top                                  ; 192    ; 313              ; 21524                          ;
;     -- sld_hub:auto_hub                     ; 313    ; 2                ; 0                              ;
;     -- hard_block:auto_generated_inst       ; 21524  ; 0                ; 0                              ;
;                                             ;        ;                  ;                                ;
; Partition Interface                         ;        ;                  ;                                ;
;     -- Input Ports                          ; 63     ; 23               ; 1                              ;
;     -- Output Ports                         ; 130    ; 40               ; 2                              ;
;     -- Bidir Ports                          ; 108    ; 0                ; 0                              ;
;                                             ;        ;                  ;                                ;
; Registered Ports                            ;        ;                  ;                                ;
;     -- Registered Input Ports               ; 0      ; 3                ; 0                              ;
;     -- Registered Output Ports              ; 0      ; 29               ; 0                              ;
;                                             ;        ;                  ;                                ;
; Port Connectivity                           ;        ;                  ;                                ;
;     -- Input Ports driven by GND            ; 0      ; 9                ; 0                              ;
;     -- Output Ports driven by GND           ; 0      ; 1                ; 0                              ;
;     -- Input Ports driven by VCC            ; 0      ; 0                ; 0                              ;
;     -- Output Ports driven by VCC           ; 0      ; 0                ; 0                              ;
;     -- Input Ports with no Source           ; 0      ; 1                ; 0                              ;
;     -- Output Ports with no Source          ; 0      ; 0                ; 0                              ;
;     -- Input Ports with no Fanout           ; 0      ; 2                ; 0                              ;
;     -- Output Ports with no Fanout          ; 0      ; 26               ; 0                              ;
+---------------------------------------------+--------+------------------+--------------------------------+
Note: Resource usage numbers presented for Partitions containing post-synthesis logic are estimates.  For Partitions containing post-fit logic, resource usage numbers are accurate based on previous placement information.  Actual Fitter results may vary depending on current Fitter Preservation Level assignments.


+------------------------------------------------------------------------------------------------+
; Partition Merge Resource Usage Summary                                                         ;
+---------------------------------------------+--------------------------------------------------+
; Resource                                    ; Usage                                            ;
+---------------------------------------------+--------------------------------------------------+
; Estimated Total logic elements              ; 29,746                                           ;
;                                             ;                                                  ;
; Total combinational functions               ; 22610                                            ;
; Logic element usage by number of LUT inputs ;                                                  ;
;     -- 4 input functions                    ; 11639                                            ;
;     -- 3 input functions                    ; 6000                                             ;
;     -- <=2 input functions                  ; 4971                                             ;
;                                             ;                                                  ;
; Logic elements by mode                      ;                                                  ;
;     -- normal mode                          ; 16958                                            ;
;     -- arithmetic mode                      ; 5652                                             ;
;                                             ;                                                  ;
; Total registers                             ; 16760                                            ;
;     -- Dedicated logic registers            ; 16760                                            ;
;     -- I/O registers                        ; 0                                                ;
;                                             ;                                                  ;
; I/O pins                                    ; 254                                              ;
; Total memory bits                           ; 106965                                           ;
; Embedded Multiplier 9-bit elements          ; 45                                               ;
; Total PLLs                                  ; 1                                                ;
;     -- PLLs                                 ; 1                                                ;
;                                             ;                                                  ;
; Maximum fan-out node                        ; CLKPLL:CLKPLL_inst|altpll:altpll_component|_clk0 ;
; Maximum fan-out                             ; 19442                                            ;
; Total fan-out                               ; 156083                                           ;
; Average fan-out                             ; 3.65                                             ;
+---------------------------------------------+--------------------------------------------------+


+----------------------------------------------------------------------------------------------------------------------------------------------------------------------------------------------------------------------------------------------------------------------------------------------------------------------------------------------------------------------------------------------------------------------------------------------------------------------------------------------------------------------+
; Partition Merge RAM Summary                                                                                                                                                                                                                                                                                                                                                                                                                                                                                          ;
+-------------------------------------------------------------------------------------------------------------------------------------------------------------------------------------------------------------------------------------------------------------------------------------------------------------------------------------------------------------------+------+------------------+--------------+--------------+--------------+--------------+-------+----------------------------------------------------+
; Name                                                                                                                                                                                                                                                                                                                                                              ; Type ; Mode             ; Port A Depth ; Port A Width ; Port B Depth ; Port B Width ; Size  ; MIF                                                ;
+-------------------------------------------------------------------------------------------------------------------------------------------------------------------------------------------------------------------------------------------------------------------------------------------------------------------------------------------------------------------+------+------------------+--------------+--------------+--------------+--------------+-------+----------------------------------------------------+
; NIOS_SYSTEMV3:NIOS_instant|NIOS_SYSTEMV3_JTAG_UART:jtag_uart|NIOS_SYSTEMV3_JTAG_UART_scfifo_r:the_NIOS_SYSTEMV3_JTAG_UART_scfifo_r|scfifo:rfifo|scfifo_1n21:auto_generated|a_dpfifo_8t21:dpfifo|dpram_5h21:FIFOram|altsyncram_9tl1:altsyncram2|ALTSYNCRAM                                                                                                         ; AUTO ; Simple Dual Port ; 64           ; 8            ; 64           ; 8            ; 512   ; None                                               ;
; NIOS_SYSTEMV3:NIOS_instant|NIOS_SYSTEMV3_JTAG_UART:jtag_uart|NIOS_SYSTEMV3_JTAG_UART_scfifo_w:the_NIOS_SYSTEMV3_JTAG_UART_scfifo_w|scfifo:wfifo|scfifo_1n21:auto_generated|a_dpfifo_8t21:dpfifo|dpram_5h21:FIFOram|altsyncram_9tl1:altsyncram2|ALTSYNCRAM                                                                                                         ; AUTO ; Simple Dual Port ; 64           ; 8            ; 64           ; 8            ; 512   ; None                                               ;
; NIOS_SYSTEMV3:NIOS_instant|NIOS_SYSTEMV3_NIOS_CPU:nios_cpu|NIOS_SYSTEMV3_NIOS_CPU_nios2_oci:the_NIOS_SYSTEMV3_NIOS_CPU_nios2_oci|NIOS_SYSTEMV3_NIOS_CPU_nios2_ocimem:the_NIOS_SYSTEMV3_NIOS_CPU_nios2_ocimem|NIOS_SYSTEMV3_NIOS_CPU_ociram_sp_ram_module:NIOS_SYSTEMV3_NIOS_CPU_ociram_sp_ram|altsyncram:the_altsyncram|altsyncram_hi81:auto_generated|ALTSYNCRAM ; AUTO ; Single Port      ; 256          ; 32           ; --           ; --           ; 8192  ; NIOS_SYSTEMV3_NIOS_CPU_ociram_default_contents.mif ;
; NIOS_SYSTEMV3:NIOS_instant|NIOS_SYSTEMV3_NIOS_CPU:nios_cpu|NIOS_SYSTEMV3_NIOS_CPU_register_bank_a_module:NIOS_SYSTEMV3_NIOS_CPU_register_bank_a|altsyncram:the_altsyncram|altsyncram_d5h1:auto_generated|ALTSYNCRAM                                                                                                                                               ; AUTO ; Simple Dual Port ; 32           ; 32           ; 32           ; 32           ; 1024  ; NIOS_SYSTEMV3_NIOS_CPU_rf_ram_a.mif                ;
; NIOS_SYSTEMV3:NIOS_instant|NIOS_SYSTEMV3_NIOS_CPU:nios_cpu|NIOS_SYSTEMV3_NIOS_CPU_register_bank_b_module:NIOS_SYSTEMV3_NIOS_CPU_register_bank_b|altsyncram:the_altsyncram|altsyncram_e5h1:auto_generated|ALTSYNCRAM                                                                                                                                               ; AUTO ; Simple Dual Port ; 32           ; 32           ; 32           ; 32           ; 1024  ; NIOS_SYSTEMV3_NIOS_CPU_rf_ram_b.mif                ;
; NIOS_SYSTEMV3:NIOS_instant|NIOS_SYSTEMV3_RAM:ram|altsyncram:the_altsyncram|altsyncram_9ac1:auto_generated|ALTSYNCRAM                                                                                                                                                                                                                                              ; AUTO ; Single Port      ; 2048         ; 32           ; --           ; --           ; 65536 ; NIOS_SYSTEMV3_RAM.hex                              ;
; ultrasonicReceiver:usonicRX_CH0_instant|FIFO_ADC:FIFO_ADC_instant|scfifo:scfifo_component|scfifo_c631:auto_generated|a_dpfifo_vt21:dpfifo|altsyncram_5qd1:FIFOram|ALTSYNCRAM                                                                                                                                                                                      ; AUTO ; Simple Dual Port ; 16           ; 16           ; 16           ; 16           ; 256   ; None                                               ;
; ultrasonicReceiver:usonicRX_CH0_instant|FIFO_FIR:FIFO_FIR_instant|scfifo:scfifo_component|scfifo_8631:auto_generated|a_dpfifo_rt21:dpfifo|altsyncram_tpd1:FIFOram|ALTSYNCRAM                                                                                                                                                                                      ; AUTO ; Simple Dual Port ; 16           ; 30           ; 16           ; 30           ; 480   ; None                                               ;
; ultrasonicReceiver:usonicRX_CH0_instant|FIFO_SUM_IN_SQUARED:FIFO_sumXsq_instant|scfifo:scfifo_component|scfifo_d631:auto_generated|a_dpfifo_0u21:dpfifo|altsyncram_7qd1:FIFOram|ALTSYNCRAM                                                                                                                                                                        ; AUTO ; Simple Dual Port ; 16           ; 26           ; 16           ; 26           ; 416   ; None                                               ;
; ultrasonicReceiver:usonicRX_CH0_instant|FIR:FIR_instant|FIR_0002:fir_inst|FIR_0002_ast:FIR_0002_ast_inst|FIR_0002_rtl:hpfircore|altsyncram:u0_m0_wo0_bank_delayr0_dmem|altsyncram_9qn3:auto_generated|ALTSYNCRAM                                                                                                                                                  ; M4K  ; Simple Dual Port ; 2            ; 3            ; 2            ; 3            ; 6     ; None                                               ;
; ultrasonicReceiver:usonicRX_CH0_instant|FIR:FIR_instant|FIR_0002:fir_inst|FIR_0002_ast:FIR_0002_ast_inst|FIR_0002_rtl:hpfircore|altsyncram:u0_m0_wo0_wi0_delayr0_dmem|altsyncram_94o3:auto_generated|ALTSYNCRAM                                                                                                                                                   ; M4K  ; Simple Dual Port ; 128          ; 13           ; 128          ; 13           ; 1664  ; None                                               ;
; ultrasonicReceiver:usonicRX_CH0_instant|PEAKFINDER:PEAKFINDER_instant|FIFO_DETECTION_TIME:FIFO_DETECTION_TIME_instant|scfifo:scfifo_component|scfifo_q431:auto_generated|a_dpfifo_ds21:dpfifo|altsyncram_1nd1:FIFOram|ALTSYNCRAM                                                                                                                                  ; AUTO ; Simple Dual Port ; 8            ; 14           ; 8            ; 14           ; 112   ; None                                               ;
; ultrasonicReceiver:usonicRX_CH0_instant|PEAKFINDER:PEAKFINDER_instant|FIFO_DETECTION_YN:FIFO_DETECTION_YN1_instant|scfifo:scfifo_component|scfifo_7631:auto_generated|a_dpfifo_qt21:dpfifo|altsyncram_rpd1:FIFOram|ALTSYNCRAM                                                                                                                                     ; AUTO ; Simple Dual Port ; 8            ; 110          ; 8            ; 110          ; 880   ; None                                               ;
; ultrasonicReceiver:usonicRX_CH0_instant|PEAKFINDER:PEAKFINDER_instant|FIFO_DETECTION_YN:FIFO_DETECTION_YN2_instant|scfifo:scfifo_component|scfifo_7631:auto_generated|a_dpfifo_qt21:dpfifo|altsyncram_rpd1:FIFOram|ALTSYNCRAM                                                                                                                                     ; AUTO ; Simple Dual Port ; 8            ; 110          ; 8            ; 110          ; 880   ; None                                               ;
; ultrasonicReceiver:usonicRX_CH0_instant|PEAKFINDER:PEAKFINDER_instant|FIFO_DETECTION_YN:FIFO_DETECTION_YN3_instant|scfifo:scfifo_component|scfifo_7631:auto_generated|a_dpfifo_qt21:dpfifo|altsyncram_rpd1:FIFOram|ALTSYNCRAM                                                                                                                                     ; AUTO ; Simple Dual Port ; 8            ; 110          ; 8            ; 110          ; 880   ; None                                               ;
; ultrasonicReceiver:usonicRX_CH0_instant|SHIFTREGRAM:SHIFTREGRAM_instant|altshift_taps:ALTSHIFT_TAPS_component|shift_taps_ihv:auto_generated|altsyncram_q8a1:altsyncram2|ALTSYNCRAM                                                                                                                                                                                ; M4K  ; Simple Dual Port ; 3            ; 169          ; 3            ; 169          ; 507   ; None                                               ;
; ultrasonicReceiver:usonicRX_CH1_instant|FIFO_ADC:FIFO_ADC_instant|scfifo:scfifo_component|scfifo_c631:auto_generated|a_dpfifo_vt21:dpfifo|altsyncram_5qd1:FIFOram|ALTSYNCRAM                                                                                                                                                                                      ; AUTO ; Simple Dual Port ; 16           ; 16           ; 16           ; 16           ; 256   ; None                                               ;
; ultrasonicReceiver:usonicRX_CH1_instant|FIFO_FIR:FIFO_FIR_instant|scfifo:scfifo_component|scfifo_8631:auto_generated|a_dpfifo_rt21:dpfifo|altsyncram_tpd1:FIFOram|ALTSYNCRAM                                                                                                                                                                                      ; AUTO ; Simple Dual Port ; 16           ; 30           ; 16           ; 30           ; 480   ; None                                               ;
; ultrasonicReceiver:usonicRX_CH1_instant|FIFO_SUM_IN_SQUARED:FIFO_sumXsq_instant|scfifo:scfifo_component|scfifo_d631:auto_generated|a_dpfifo_0u21:dpfifo|altsyncram_7qd1:FIFOram|ALTSYNCRAM                                                                                                                                                                        ; AUTO ; Simple Dual Port ; 16           ; 26           ; 16           ; 26           ; 416   ; None                                               ;
; ultrasonicReceiver:usonicRX_CH1_instant|FIR:FIR_instant|FIR_0002:fir_inst|FIR_0002_ast:FIR_0002_ast_inst|FIR_0002_rtl:hpfircore|altsyncram:u0_m0_wo0_bank_delayr0_dmem|altsyncram_9qn3:auto_generated|ALTSYNCRAM                                                                                                                                                  ; M4K  ; Simple Dual Port ; 2            ; 3            ; 2            ; 3            ; 6     ; None                                               ;
; ultrasonicReceiver:usonicRX_CH1_instant|FIR:FIR_instant|FIR_0002:fir_inst|FIR_0002_ast:FIR_0002_ast_inst|FIR_0002_rtl:hpfircore|altsyncram:u0_m0_wo0_wi0_delayr0_dmem|altsyncram_94o3:auto_generated|ALTSYNCRAM                                                                                                                                                   ; M4K  ; Simple Dual Port ; 128          ; 13           ; 128          ; 13           ; 1664  ; None                                               ;
; ultrasonicReceiver:usonicRX_CH1_instant|PEAKFINDER:PEAKFINDER_instant|FIFO_DETECTION_TIME:FIFO_DETECTION_TIME_instant|scfifo:scfifo_component|scfifo_q431:auto_generated|a_dpfifo_ds21:dpfifo|altsyncram_1nd1:FIFOram|ALTSYNCRAM                                                                                                                                  ; AUTO ; Simple Dual Port ; 8            ; 14           ; 8            ; 14           ; 112   ; None                                               ;
; ultrasonicReceiver:usonicRX_CH1_instant|PEAKFINDER:PEAKFINDER_instant|FIFO_DETECTION_YN:FIFO_DETECTION_YN1_instant|scfifo:scfifo_component|scfifo_7631:auto_generated|a_dpfifo_qt21:dpfifo|altsyncram_rpd1:FIFOram|ALTSYNCRAM                                                                                                                                     ; AUTO ; Simple Dual Port ; 8            ; 110          ; 8            ; 110          ; 880   ; None                                               ;
; ultrasonicReceiver:usonicRX_CH1_instant|PEAKFINDER:PEAKFINDER_instant|FIFO_DETECTION_YN:FIFO_DETECTION_YN2_instant|scfifo:scfifo_component|scfifo_7631:auto_generated|a_dpfifo_qt21:dpfifo|altsyncram_rpd1:FIFOram|ALTSYNCRAM                                                                                                                                     ; AUTO ; Simple Dual Port ; 8            ; 110          ; 8            ; 110          ; 880   ; None                                               ;
; ultrasonicReceiver:usonicRX_CH1_instant|PEAKFINDER:PEAKFINDER_instant|FIFO_DETECTION_YN:FIFO_DETECTION_YN3_instant|scfifo:scfifo_component|scfifo_7631:auto_generated|a_dpfifo_qt21:dpfifo|altsyncram_rpd1:FIFOram|ALTSYNCRAM                                                                                                                                     ; AUTO ; Simple Dual Port ; 8            ; 110          ; 8            ; 110          ; 880   ; None                                               ;
; ultrasonicReceiver:usonicRX_CH1_instant|SHIFTREGRAM:SHIFTREGRAM_instant|altshift_taps:ALTSHIFT_TAPS_component|shift_taps_ihv:auto_generated|altsyncram_q8a1:altsyncram2|ALTSYNCRAM                                                                                                                                                                                ; M4K  ; Simple Dual Port ; 3            ; 169          ; 3            ; 169          ; 507   ; None                                               ;
; ultrasonicReceiver:usonicRX_CH2_instant|FIFO_ADC:FIFO_ADC_instant|scfifo:scfifo_component|scfifo_c631:auto_generated|a_dpfifo_vt21:dpfifo|altsyncram_5qd1:FIFOram|ALTSYNCRAM                                                                                                                                                                                      ; AUTO ; Simple Dual Port ; 16           ; 16           ; 16           ; 16           ; 256   ; None                                               ;
; ultrasonicReceiver:usonicRX_CH2_instant|FIFO_FIR:FIFO_FIR_instant|scfifo:scfifo_component|scfifo_8631:auto_generated|a_dpfifo_rt21:dpfifo|altsyncram_tpd1:FIFOram|ALTSYNCRAM                                                                                                                                                                                      ; AUTO ; Simple Dual Port ; 16           ; 30           ; 16           ; 30           ; 480   ; None                                               ;
; ultrasonicReceiver:usonicRX_CH2_instant|FIFO_SUM_IN_SQUARED:FIFO_sumXsq_instant|scfifo:scfifo_component|scfifo_d631:auto_generated|a_dpfifo_0u21:dpfifo|altsyncram_7qd1:FIFOram|ALTSYNCRAM                                                                                                                                                                        ; AUTO ; Simple Dual Port ; 16           ; 26           ; 16           ; 26           ; 416   ; None                                               ;
; ultrasonicReceiver:usonicRX_CH2_instant|FIR:FIR_instant|FIR_0002:fir_inst|FIR_0002_ast:FIR_0002_ast_inst|FIR_0002_rtl:hpfircore|altsyncram:u0_m0_wo0_bank_delayr0_dmem|altsyncram_9qn3:auto_generated|ALTSYNCRAM                                                                                                                                                  ; M4K  ; Simple Dual Port ; 2            ; 3            ; 2            ; 3            ; 6     ; None                                               ;
; ultrasonicReceiver:usonicRX_CH2_instant|FIR:FIR_instant|FIR_0002:fir_inst|FIR_0002_ast:FIR_0002_ast_inst|FIR_0002_rtl:hpfircore|altsyncram:u0_m0_wo0_wi0_delayr0_dmem|altsyncram_94o3:auto_generated|ALTSYNCRAM                                                                                                                                                   ; M4K  ; Simple Dual Port ; 128          ; 13           ; 128          ; 13           ; 1664  ; None                                               ;
; ultrasonicReceiver:usonicRX_CH2_instant|PEAKFINDER:PEAKFINDER_instant|FIFO_DETECTION_TIME:FIFO_DETECTION_TIME_instant|scfifo:scfifo_component|scfifo_q431:auto_generated|a_dpfifo_ds21:dpfifo|altsyncram_1nd1:FIFOram|ALTSYNCRAM                                                                                                                                  ; AUTO ; Simple Dual Port ; 8            ; 14           ; 8            ; 14           ; 112   ; None                                               ;
; ultrasonicReceiver:usonicRX_CH2_instant|PEAKFINDER:PEAKFINDER_instant|FIFO_DETECTION_YN:FIFO_DETECTION_YN1_instant|scfifo:scfifo_component|scfifo_7631:auto_generated|a_dpfifo_qt21:dpfifo|altsyncram_rpd1:FIFOram|ALTSYNCRAM                                                                                                                                     ; AUTO ; Simple Dual Port ; 8            ; 110          ; 8            ; 110          ; 880   ; None                                               ;
; ultrasonicReceiver:usonicRX_CH2_instant|PEAKFINDER:PEAKFINDER_instant|FIFO_DETECTION_YN:FIFO_DETECTION_YN2_instant|scfifo:scfifo_component|scfifo_7631:auto_generated|a_dpfifo_qt21:dpfifo|altsyncram_rpd1:FIFOram|ALTSYNCRAM                                                                                                                                     ; AUTO ; Simple Dual Port ; 8            ; 110          ; 8            ; 110          ; 880   ; None                                               ;
; ultrasonicReceiver:usonicRX_CH2_instant|PEAKFINDER:PEAKFINDER_instant|FIFO_DETECTION_YN:FIFO_DETECTION_YN3_instant|scfifo:scfifo_component|scfifo_7631:auto_generated|a_dpfifo_qt21:dpfifo|altsyncram_rpd1:FIFOram|ALTSYNCRAM                                                                                                                                     ; AUTO ; Simple Dual Port ; 8            ; 110          ; 8            ; 110          ; 880   ; None                                               ;
; ultrasonicReceiver:usonicRX_CH2_instant|SHIFTREGRAM:SHIFTREGRAM_instant|altshift_taps:ALTSHIFT_TAPS_component|shift_taps_ihv:auto_generated|altsyncram_q8a1:altsyncram2|ALTSYNCRAM                                                                                                                                                                                ; M4K  ; Simple Dual Port ; 3            ; 169          ; 3            ; 169          ; 507   ; None                                               ;
; ultrasonicReceiver:usonicRX_CH3_instant|FIFO_ADC:FIFO_ADC_instant|scfifo:scfifo_component|scfifo_c631:auto_generated|a_dpfifo_vt21:dpfifo|altsyncram_5qd1:FIFOram|ALTSYNCRAM                                                                                                                                                                                      ; AUTO ; Simple Dual Port ; 16           ; 16           ; 16           ; 16           ; 256   ; None                                               ;
; ultrasonicReceiver:usonicRX_CH3_instant|FIFO_FIR:FIFO_FIR_instant|scfifo:scfifo_component|scfifo_8631:auto_generated|a_dpfifo_rt21:dpfifo|altsyncram_tpd1:FIFOram|ALTSYNCRAM                                                                                                                                                                                      ; AUTO ; Simple Dual Port ; 16           ; 30           ; 16           ; 30           ; 480   ; None                                               ;
; ultrasonicReceiver:usonicRX_CH3_instant|FIFO_SUM_IN_SQUARED:FIFO_sumXsq_instant|scfifo:scfifo_component|scfifo_d631:auto_generated|a_dpfifo_0u21:dpfifo|altsyncram_7qd1:FIFOram|ALTSYNCRAM                                                                                                                                                                        ; AUTO ; Simple Dual Port ; 16           ; 26           ; 16           ; 26           ; 416   ; None                                               ;
; ultrasonicReceiver:usonicRX_CH3_instant|FIR:FIR_instant|FIR_0002:fir_inst|FIR_0002_ast:FIR_0002_ast_inst|FIR_0002_rtl:hpfircore|altsyncram:u0_m0_wo0_bank_delayr0_dmem|altsyncram_9qn3:auto_generated|ALTSYNCRAM                                                                                                                                                  ; M4K  ; Simple Dual Port ; 2            ; 3            ; 2            ; 3            ; 6     ; None                                               ;
; ultrasonicReceiver:usonicRX_CH3_instant|FIR:FIR_instant|FIR_0002:fir_inst|FIR_0002_ast:FIR_0002_ast_inst|FIR_0002_rtl:hpfircore|altsyncram:u0_m0_wo0_wi0_delayr0_dmem|altsyncram_94o3:auto_generated|ALTSYNCRAM                                                                                                                                                   ; M4K  ; Simple Dual Port ; 128          ; 13           ; 128          ; 13           ; 1664  ; None                                               ;
; ultrasonicReceiver:usonicRX_CH3_instant|PEAKFINDER:PEAKFINDER_instant|FIFO_DETECTION_TIME:FIFO_DETECTION_TIME_instant|scfifo:scfifo_component|scfifo_q431:auto_generated|a_dpfifo_ds21:dpfifo|altsyncram_1nd1:FIFOram|ALTSYNCRAM                                                                                                                                  ; AUTO ; Simple Dual Port ; 8            ; 14           ; 8            ; 14           ; 112   ; None                                               ;
; ultrasonicReceiver:usonicRX_CH3_instant|PEAKFINDER:PEAKFINDER_instant|FIFO_DETECTION_YN:FIFO_DETECTION_YN1_instant|scfifo:scfifo_component|scfifo_7631:auto_generated|a_dpfifo_qt21:dpfifo|altsyncram_rpd1:FIFOram|ALTSYNCRAM                                                                                                                                     ; AUTO ; Simple Dual Port ; 8            ; 110          ; 8            ; 110          ; 880   ; None                                               ;
; ultrasonicReceiver:usonicRX_CH3_instant|PEAKFINDER:PEAKFINDER_instant|FIFO_DETECTION_YN:FIFO_DETECTION_YN2_instant|scfifo:scfifo_component|scfifo_7631:auto_generated|a_dpfifo_qt21:dpfifo|altsyncram_rpd1:FIFOram|ALTSYNCRAM                                                                                                                                     ; AUTO ; Simple Dual Port ; 8            ; 110          ; 8            ; 110          ; 880   ; None                                               ;
; ultrasonicReceiver:usonicRX_CH3_instant|PEAKFINDER:PEAKFINDER_instant|FIFO_DETECTION_YN:FIFO_DETECTION_YN3_instant|scfifo:scfifo_component|scfifo_7631:auto_generated|a_dpfifo_qt21:dpfifo|altsyncram_rpd1:FIFOram|ALTSYNCRAM                                                                                                                                     ; AUTO ; Simple Dual Port ; 8            ; 110          ; 8            ; 110          ; 880   ; None                                               ;
; ultrasonicReceiver:usonicRX_CH3_instant|SHIFTREGRAM:SHIFTREGRAM_instant|altshift_taps:ALTSHIFT_TAPS_component|shift_taps_ihv:auto_generated|altsyncram_q8a1:altsyncram2|ALTSYNCRAM                                                                                                                                                                                ; M4K  ; Simple Dual Port ; 3            ; 169          ; 3            ; 169          ; 507   ; None                                               ;
; ultrasonicReceiver:usonicRX_CH4_instant|FIFO_ADC:FIFO_ADC_instant|scfifo:scfifo_component|scfifo_c631:auto_generated|a_dpfifo_vt21:dpfifo|altsyncram_5qd1:FIFOram|ALTSYNCRAM                                                                                                                                                                                      ; AUTO ; Simple Dual Port ; 16           ; 16           ; 16           ; 16           ; 256   ; None                                               ;
; ultrasonicReceiver:usonicRX_CH4_instant|FIFO_FIR:FIFO_FIR_instant|scfifo:scfifo_component|scfifo_8631:auto_generated|a_dpfifo_rt21:dpfifo|altsyncram_tpd1:FIFOram|ALTSYNCRAM                                                                                                                                                                                      ; AUTO ; Simple Dual Port ; 16           ; 30           ; 16           ; 30           ; 480   ; None                                               ;
; ultrasonicReceiver:usonicRX_CH4_instant|FIFO_SUM_IN_SQUARED:FIFO_sumXsq_instant|scfifo:scfifo_component|scfifo_d631:auto_generated|a_dpfifo_0u21:dpfifo|altsyncram_7qd1:FIFOram|ALTSYNCRAM                                                                                                                                                                        ; AUTO ; Simple Dual Port ; 16           ; 26           ; 16           ; 26           ; 416   ; None                                               ;
; ultrasonicReceiver:usonicRX_CH4_instant|FIR:FIR_instant|FIR_0002:fir_inst|FIR_0002_ast:FIR_0002_ast_inst|FIR_0002_rtl:hpfircore|altsyncram:u0_m0_wo0_bank_delayr0_dmem|altsyncram_9qn3:auto_generated|ALTSYNCRAM                                                                                                                                                  ; M4K  ; Simple Dual Port ; 2            ; 3            ; 2            ; 3            ; 6     ; None                                               ;
; ultrasonicReceiver:usonicRX_CH4_instant|FIR:FIR_instant|FIR_0002:fir_inst|FIR_0002_ast:FIR_0002_ast_inst|FIR_0002_rtl:hpfircore|altsyncram:u0_m0_wo0_wi0_delayr0_dmem|altsyncram_94o3:auto_generated|ALTSYNCRAM                                                                                                                                                   ; M4K  ; Simple Dual Port ; 128          ; 13           ; 128          ; 13           ; 1664  ; None                                               ;
; ultrasonicReceiver:usonicRX_CH4_instant|PEAKFINDER:PEAKFINDER_instant|FIFO_DETECTION_TIME:FIFO_DETECTION_TIME_instant|scfifo:scfifo_component|scfifo_q431:auto_generated|a_dpfifo_ds21:dpfifo|altsyncram_1nd1:FIFOram|ALTSYNCRAM                                                                                                                                  ; AUTO ; Simple Dual Port ; 8            ; 14           ; 8            ; 14           ; 112   ; None                                               ;
; ultrasonicReceiver:usonicRX_CH4_instant|PEAKFINDER:PEAKFINDER_instant|FIFO_DETECTION_YN:FIFO_DETECTION_YN1_instant|scfifo:scfifo_component|scfifo_7631:auto_generated|a_dpfifo_qt21:dpfifo|altsyncram_rpd1:FIFOram|ALTSYNCRAM                                                                                                                                     ; AUTO ; Simple Dual Port ; 8            ; 110          ; 8            ; 110          ; 880   ; None                                               ;
; ultrasonicReceiver:usonicRX_CH4_instant|PEAKFINDER:PEAKFINDER_instant|FIFO_DETECTION_YN:FIFO_DETECTION_YN2_instant|scfifo:scfifo_component|scfifo_7631:auto_generated|a_dpfifo_qt21:dpfifo|altsyncram_rpd1:FIFOram|ALTSYNCRAM                                                                                                                                     ; AUTO ; Simple Dual Port ; 8            ; 110          ; 8            ; 110          ; 880   ; None                                               ;
; ultrasonicReceiver:usonicRX_CH4_instant|PEAKFINDER:PEAKFINDER_instant|FIFO_DETECTION_YN:FIFO_DETECTION_YN3_instant|scfifo:scfifo_component|scfifo_7631:auto_generated|a_dpfifo_qt21:dpfifo|altsyncram_rpd1:FIFOram|ALTSYNCRAM                                                                                                                                     ; AUTO ; Simple Dual Port ; 8            ; 110          ; 8            ; 110          ; 880   ; None                                               ;
; ultrasonicReceiver:usonicRX_CH4_instant|SHIFTREGRAM:SHIFTREGRAM_instant|altshift_taps:ALTSHIFT_TAPS_component|shift_taps_ihv:auto_generated|altsyncram_q8a1:altsyncram2|ALTSYNCRAM                                                                                                                                                                                ; M4K  ; Simple Dual Port ; 3            ; 169          ; 3            ; 169          ; 507   ; None                                               ;
+-------------------------------------------------------------------------------------------------------------------------------------------------------------------------------------------------------------------------------------------------------------------------------------------------------------------------------------------------------------------+------+------------------+--------------+--------------+--------------+--------------+-------+----------------------------------------------------+


+-----------------------------------------------------+
; Partition Merge DSP Block Usage Summary             ;
+---------------------------------------+-------------+
; Statistic                             ; Number Used ;
+---------------------------------------+-------------+
; Simple Multipliers (9-bit)            ; 5           ;
; Simple Multipliers (18-bit)           ; 20          ;
; Embedded Multiplier Blocks            ; --          ;
; Embedded Multiplier 9-bit elements    ; 45          ;
; Signed Embedded Multipliers           ; 10          ;
; Unsigned Embedded Multipliers         ; 5           ;
; Mixed Sign Embedded Multipliers       ; 10          ;
; Variable Sign Embedded Multipliers    ; 0           ;
; Dedicated Input Shift Register Chains ; 0           ;
+---------------------------------------+-------------+
Note: number of Embedded Multiplier Blocks used is only available after a successful fit.


+--------------------------+
; Partition Merge Messages ;
+--------------------------+
Info: *******************************************************************
Info: Running Quartus II 64-Bit Partition Merge
    Info: Version 13.0.1 Build 232 06/12/2013 Service Pack 1 SJ Full Version
    Info: Processing started: Fri Oct 23 18:47:23 2015
Info: Command: quartus_cdb --read_settings_files=off --write_settings_files=off SYSTEMV3 -c SYSTEMV3 --merge=on
Warning (35010): Previously generated Fitter netlist for partition "Top" is older than current Synthesis netlist -- using the current Synthesis netlist instead to ensure that the latest source changes are included
    Info (35011): Set the option to Ignore source file changes to force the Quartus II software to always use a previously generated Fitter netlist
Info (35007): Using synthesis netlist for partition "Top"
Info (35007): Using synthesis netlist for partition "sld_hub:auto_hub"
Info (35002): Resolved and merged 2 partition(s)
Info (16010): Generating hard_block partition "hard_block:auto_generated_inst"
    Info (16011): Adding 1 node(s), including 0 DDIO, 1 PLL, 0 transceiver and 0 LCELL
Warning (21074): Design contains 20 input pin(s) that do not drive logic
    Warning (15610): No output dependent on input pin "iSW[1]"
    Warning (15610): No output dependent on input pin "iSW[2]"
    Warning (15610): No output dependent on input pin "iSW[3]"
    Warning (15610): No output dependent on input pin "iSW[4]"
    Warning (15610): No output dependent on input pin "iSW[5]"
    Warning (15610): No output dependent on input pin "iSW[6]"
    Warning (15610): No output dependent on input pin "iSW[7]"
    Warning (15610): No output dependent on input pin "iSW[8]"
    Warning (15610): No output dependent on input pin "iSW[9]"
    Warning (15610): No output dependent on input pin "iSW[10]"
    Warning (15610): No output dependent on input pin "iSW[11]"
    Warning (15610): No output dependent on input pin "iSW[12]"
    Warning (15610): No output dependent on input pin "iSW[13]"
    Warning (15610): No output dependent on input pin "iSW[14]"
    Warning (15610): No output dependent on input pin "iSW[15]"
    Warning (15610): No output dependent on input pin "iSW[16]"
    Warning (15610): No output dependent on input pin "iSW[17]"
    Warning (15610): No output dependent on input pin "iKEY[1]"
    Warning (15610): No output dependent on input pin "iKEY[2]"
    Warning (15610): No output dependent on input pin "iKEY[3]"
Info (21057): Implemented 34578 device resources after synthesis - the final resource count might be different
    Info (21058): Implemented 26 input pins
    Info (21059): Implemented 124 output pins
    Info (21060): Implemented 108 bidirectional pins
    Info (21061): Implemented 31139 logic cells
    Info (21064): Implemented 3134 RAM segments
    Info (21065): Implemented 1 PLLs
    Info (21062): Implemented 45 DSP elements
Info: Quartus II 64-Bit Partition Merge was successful. 0 errors, 22 warnings
    Info: Peak virtual memory: 584 megabytes
    Info: Processing ended: Fri Oct 23 18:47:33 2015
    Info: Elapsed time: 00:00:10
    Info: Total CPU time (on all processors): 00:00:06


